0, 359.972518282, 3.16652841974, 117.697751476
0, 0.108926109315, 3.2991470012, 117.550888748
0, 0.251282712926, 3.42887150345, 117.394941869
0, 0.411153375651, 3.56051998461, 117.255797255
0, 0.555489840326, 3.67798045531, 117.123277925
0, 0.687489009009, 3.81603864212, 116.995416784
0, 0.823686129349, 3.90966431394, 116.851818887
0, 0.964284399475, 4.02213917344, 116.717209519
0, 1.09820637313, 4.11899637851, 116.582108377
0, 1.23927037678, 4.24435852431, 116.449575386
90, 1.37574342609, 4.34628671795, 116.318927528
90, 1.51543626927, 4.46600541995, 116.20601084
90, 1.635233305, 4.5459297323, 116.088558907
90, 1.75620705425, 4.64344391619, 115.978811428
90, 1.88097924246, 4.74616996131, 115.857889759
90, 2.00219226179, 4.83306746991, 115.745738052
90, 2.10472044486, 4.93209966335, 115.648763027
90, 2.23620670903, 4.99493270796, 115.553481888
90, 2.34481183947, 5.09688395349, 115.438953276
90, 2.43338765362, 5.19450485909, 115.332907759
180, 2.57304474502, 5.2871879648, 115.239101941
180, 2.67812208276, 5.36393453164, 115.150446085
180, 2.77216951876, 5.45183607805, 115.059044494
180, 2.87504049196, 5.54834835857, 114.95131875
180, 2.97812192035, 5.6447048254, 114.859070215
180, 3.08393414376, 5.72005120345, 114.750388245
180, 3.17604009849, 5.78329747451, 114.660188767
180, 3.26533884547, 5.89425133625, 114.565877515
180, 3.36026310701, 5.99148889749, 114.480076679
180, 3.45292999103, 6.06091520908, 114.4100809
270, 3.54626559325, 6.14727910915, 114.332571913
270, 3.63819417651, 6.21684970849, 114.261455984
270, 3.72182728157, 6.28355675102, 114.194820658
270, 3.79696832707, 6.3551085321, 114.128636125
270, 3.8663058462, 6.41599710723, 114.074773253
270, 3.93316998308, 6.48990274226, 114.014107513
270, 4.00855862293, 6.54478672734, 113.940177545
270, 4.07915375065, 6.60537178593, 113.87463505
270, 4.14146599333, 6.66499208031, 113.806797611
270, 4.21628431239, 6.74951182931, 113.74282606


0, 33.5533384486, 23.1657681928, 96.1749784576
0, 33.0257268258, 22.9256733831, 96.4207286639
0, 32.5007106749, 22.6838061393, 96.6555027563
0, 31.989054374, 22.4347449988, 96.8821694141
0, 31.4905461872, 22.2159006151, 97.1087062983
0, 31.0144512662, 21.9780785509, 97.3453313719
0, 30.5467369873, 21.7605421485, 97.5578390475
0, 30.074675293, 21.531034132, 97.7897922717
0, 29.6107346936, 21.3258654946, 98.0263558736
0, 29.1646243031, 21.0951895157, 98.2518204181
0, 28.7377579705, 20.8708673204, 98.4656873014
0, 28.2993076372, 20.6747401459, 98.685810638
0, 27.8808287769, 20.4706831218, 98.8844530296
0, 27.4875447769, 20.246939785, 99.0784235719
0, 27.086207984, 20.0759135557, 99.2782202655
0, 26.6909363989, 19.8800049473, 99.4735295248
0, 26.298104899, 19.7037075195, 99.6897255026
0, 25.9191250227, 19.5285473183, 99.8855128752
0, 25.5482115999, 19.3319727664, 100.072195606
0, 25.182661583, 19.1703329246, 100.278713205
90, 24.8678154755, 18.9953383554, 100.430561971
90, 24.5233007338, 18.8250002677, 100.61178055
90, 24.1729154444, 18.6433206509, 100.789310827
90, 23.8403142602, 18.4736126481, 100.960953481
90, 23.5084729344, 18.3240127223, 101.132343418
90, 23.1990909782, 18.154159578, 101.307735845
90, 22.8828378517, 17.995670161, 101.472527819
90, 22.5797704054, 17.8383606591, 101.644914964
90, 22.2651633545, 17.6893908182, 101.796948145
90, 21.9747795695, 17.524270995, 101.956521854
90, 21.6996800403, 17.3759039183, 102.112796582
90, 21.3960730091, 17.2226447186, 102.26796482
90, 21.1274877728, 17.0848661427, 102.431732266
90, 20.8545073098, 16.9289773202, 102.577830012
90, 20.6013036595, 16.7918971311, 102.734617004
90, 20.3387460652, 16.6552352911, 102.880503015
90, 20.080095339, 16.5331046785, 103.024456082
90, 19.8399766237, 16.4135729529, 103.172561904
90, 19.5790907181, 16.2930440198, 103.297854894
90, 19.3380465121, 16.1438948864, 103.425299394
180, 19.1131710714, 16.0376530014, 103.550612874
180, 18.8917704895, 15.9204264647, 103.670667109
180, 18.671578851, 15.7936649839, 103.781609872
180, 18.44957892, 15.6720415129, 103.894253352
180, 18.2372351689, 15.5576717028, 103.99672668
180, 18.0205935212, 15.4614155543, 104.110196613
180, 17.8053486473, 15.3243148747, 104.224055866
180, 17.5890211883, 15.2169921122, 104.327929383
180, 17.479408605, 15.0943492355, 104.397235313
180, 17.2942114407, 14.9567516596, 104.50798683
180, 17.1004850778, 14.8493896236, 104.612181366
180, 16.9401344342, 14.7336230398, 104.709969184
180, 16.757411506, 14.6261568434, 104.807019342
180, 16.5742343701, 14.5252049399, 104.904684217
180, 16.4048576316, 14.4331971691, 105.016419282
180, 16.2449475352, 14.3380389736, 105.132150007
180, 16.1016143079, 14.239890009, 105.226775448
180, 15.9443252966, 14.139494766, 105.33265704
180, 15.7842768889, 14.0539005428, 105.413710895
180, 15.6282958588, 13.9775023156, 105.510269279
270, 15.4858761693, 13.9004432677, 105.591275323
270, 15.3401045645, 13.8313985929, 105.680422952
270, 15.1980212618, 13.7309751753, 105.749920127
270, 15.0484008454, 13.6422407727, 105.830864699
270, 14.8958485703, 13.5470176904, 105.890949873
270, 14.7575440698, 13.4795704261, 105.973759086
270, 14.6410056746, 13.3958212078, 106.042784978
270, 14.4968186737, 13.2995710358, 106.122930418
270, 14.3846584298, 13.218139813, 106.194743027
270, 14.2551290148, 13.1298143679, 106.249589446
270, 14.1156505756, 13.0578967448, 106.31149828
270, 13.9968061378, 12.988912688, 106.370634058
270, 13.8854953987, 12.9089422719, 106.425917609
270, 13.7767442729, 12.8621452308, 106.482355462
270, 13.6657827272, 12.8046188163, 106.538615731
270, 13.5518628558, 12.7381329011, 106.601672037
270, 13.4560096885, 12.6575571595, 106.667323815
270, 13.3542296246, 12.5932680039, 106.722566385
270, 13.2716944725, 12.5482638875, 106.783580465
270, 13.1604674032, 12.4928112892, 106.833119827

0, 41.5745760061, 23.5213136901, 87.2802484977
0, 40.8734570878, 23.3531544327, 87.7198326425
0, 40.1797660002, 23.1932101854, 88.1680228257
0, 39.4983863286, 23.0213523806, 88.5942266299
0, 38.8291131673, 22.8614132559, 89.0301293027
0, 38.1656661574, 22.6838044318, 89.4385472943
0, 37.5345259422, 22.5102544476, 89.8479761539
0, 36.9135968599, 22.345264398, 90.2437992767
0, 36.2904991925, 22.1532148465, 90.6118371899
0, 35.6916521117, 21.9789391547, 90.9733044612
0, 35.1207097688, 21.8207792943, 91.3412809027
0, 34.5583700491, 21.6441471873, 91.6899415693
0, 34.0034547451, 21.4707064861, 92.032325292
0, 33.4455614786, 21.300479389, 92.3750778449
0, 32.9160988745, 21.1393518114, 92.7273448514
0, 32.3856868742, 20.9651632045, 93.0616416301
0, 31.8719917618, 20.7772237193, 93.3708921052
0, 31.3737123864, 20.5892125171, 93.6822872596
0, 30.8784929357, 20.4249652506, 93.9851446776
0, 30.3758115033, 20.25614688, 94.2815270763
0, 29.9079469603, 20.1124379923, 94.5860852114
0, 29.4325111525, 19.9288834885, 94.8834033459
0, 28.9835594033, 19.7706689866, 95.165647253
0, 28.5305453991, 19.6055389181, 95.4566816135
0, 28.0973901698, 19.4324585095, 95.7089614807
0, 27.6882003668, 19.2441860526, 95.9677914993
0, 27.2703584217, 19.0760472858, 96.2100787997
0, 26.8750151197, 18.9072664812, 96.4503511944
0, 26.4809917518, 18.7491236962, 96.7016611747
0, 26.0953251203, 18.5780599009, 96.9274877192
90, 25.7161744893, 18.4292044657, 97.1572484527
90, 25.3592663693, 18.2634374821, 97.3854450729
90, 25.0009990417, 18.111462358, 97.625628675
90, 24.6559515452, 17.9576977243, 97.8715632965
90, 24.3057216427, 17.8268637432, 98.117969201
90, 23.9668366843, 17.691190573, 98.3388984999
90, 23.6436235951, 17.5499166478, 98.5596843648
90, 23.2972647023, 17.4374797812, 98.7855177395
90, 22.9788686039, 17.2979458467, 98.9854851878
90, 22.6679344872, 17.1615794124, 99.189093127
90, 22.3652085504, 17.0260172328, 99.395549255
90, 22.0765220674, 16.8994777331, 99.5998948546
90, 21.7523544592, 16.7760459696, 99.7812636979
90, 21.4728989768, 16.628821242, 99.955768201
90, 21.1856758619, 16.499921912, 100.144431686
90, 20.8993099356, 16.3618171945, 100.30018732
90, 20.6376129451, 16.2435046577, 100.470532238
90, 20.35932201, 16.1302601213, 100.628671608
90, 20.0818438675, 16.0140307922, 100.790690525
90, 19.830240189, 15.9160056247, 100.944595178
90, 19.593763672, 15.8076224754, 101.118286888
90, 19.3556564474, 15.6997772035, 101.286200259
90, 19.1186591284, 15.5839986669, 101.451873327
90, 18.8851298381, 15.4850343485, 101.606365376
90, 18.6748505116, 15.3885903699, 101.770166973
90, 18.4570050432, 15.3014593542, 101.91593004
90, 18.2442190373, 15.2177997821, 102.087968845
90, 18.040479617, 15.1344697667, 102.25351897
90, 17.8430564141, 15.0459932037, 102.403933396
90, 17.6072885293, 14.9660663301, 102.545079255
180, 17.4226668085, 14.8671976343, 102.673493642
180, 17.2242173697, 14.7671268252, 102.82001486
180, 17.1171234186, 14.6692382616, 102.915849244
180, 16.9191264798, 14.5696455657, 103.050219555
180, 16.7944123482, 14.4651522092, 103.142795939
180, 16.6177904865, 14.3834716844, 103.285294176
180, 16.4453282099, 14.3053633486, 103.417478827
180, 16.2668553669, 14.2213084794, 103.549916195
180, 16.0953834678, 14.1467415967, 103.667484241
180, 15.9396141736, 14.0653616003, 103.797278326
180, 15.7848301342, 14.004224577, 103.915693316
180, 15.6007343379, 13.9237512882, 104.031410381
180, 15.4437714682, 13.8343765554, 104.151218729
180, 15.2875172305, 13.769690395, 104.272345304
180, 15.1298252381, 13.6982978428, 104.378541085
180, 14.9843831899, 13.6235653279, 104.503513056
180, 14.8516760294, 13.5607369791, 104.606054686
180, 14.7194469822, 13.488891073, 104.726409449
180, 14.5095467312, 13.4298184744, 104.859249799
180, 14.377732618, 13.3318795381, 104.968047882
180, 14.2392086977, 13.254636075, 105.083027286
180, 14.1019329944, 13.1732261965, 105.181108803
180, 13.968120197, 13.1357720004, 105.298663189
180, 13.8428015937, 13.0707801892, 105.4102958
180, 13.7246256607, 12.9938073723, 105.502059392
180, 13.6077124589, 12.9416861988, 105.592805285
180, 13.4797548412, 12.9027703422, 105.680566386
180, 13.3830171644, 12.8368205969, 105.776100242
180, 13.271504081, 12.7838977299, 105.867570135
180, 13.1474601617, 12.7186122205, 105.946397348
270, 13.0517418906, 12.6633542825, 106.009952259
270, 12.9501829541, 12.593290202, 106.091354453
270, 12.8559049992, 12.5576647891, 106.16995627
270, 12.7568134685, 12.5126196915, 106.256166918
270, 12.6606691644, 12.4550633949, 106.314442092
270, 12.5608186289, 12.3991489051, 106.385906361
270, 12.4733162217, 12.3388477262, 106.44507629
270, 12.3918969517, 12.2801021229, 106.510639276
270, 12.2799954012, 12.2267591993, 106.564474827
270, 12.2033512872, 12.1835847198, 106.643445474
270, 12.1144725969, 12.1289508904, 106.71550397
270, 12.0366682045, 12.0930343406, 106.791093673
270, 11.9571383356, 12.0482820874, 106.865426622
270, 11.8964299067, 11.9994658716, 106.925785004
270, 11.8292831707, 11.9706168601, 106.993588292
270, 11.7619725102, 11.9278504844, 107.064519806
270, 11.6830991932, 11.8839656652, 107.126093961
270, 11.6112276739, 11.8418566952, 107.184922381
270, 11.5384204187, 11.7869325828, 107.241797366
270, 11.4103398576, 11.7490053961, 107.344291185
270, 11.3400392818, 11.7087363083, 107.411179227
270, 11.2810734049, 11.6608985171, 107.459133985
270, 11.2074567723, 11.6358590436, 107.508092781
270, 11.1316134979, 11.5893232573, 107.563328521
270, 11.0657124177, 11.5396302159, 107.60732177
270, 10.9923322804, 11.5149331057, 107.660733849
270, 10.9327004601, 11.4613656396, 107.716666268
270, 10.8735552907, 11.4237014152, 107.748542761
270, 10.8135589091, 11.3705651047, 107.788294462
270, 10.757132155, 11.3341047012, 107.825252615

0, 39.3723351875, 22.5271369677, 87.5466941773
0, 38.7033113281, 22.403430289, 87.9918927375
0, 38.070945094, 22.2452277399, 88.4496929969
0, 37.4199461038, 22.1007026446, 88.8869890283
0, 36.7880272471, 21.9526241434, 89.3047916998
0, 36.1829339583, 21.8084747085, 89.7052320305
0, 35.5929422178, 21.6439969231, 90.0897238694
0, 35.084393653, 21.4542167019, 90.4323056676
0, 34.5022054036, 21.2703138585, 90.8061765624
0, 33.9498240998, 21.114677753, 91.1698158338
0, 33.4045632681, 20.9530003452, 91.5240294442
0, 32.8802677022, 20.7995874662, 91.8957146784
0, 32.3498591169, 20.6286431992, 92.2404684768
0, 31.8383223443, 20.4886789627, 92.5928584266
0, 31.3391277235, 20.3104229782, 92.9372707155
0, 30.8597235758, 20.1516859668, 93.2557556063
0, 30.3710611068, 19.9727589162, 93.5647192134
0, 29.9104229039, 19.8038039418, 93.8533766681
0, 29.4727443818, 19.6512550818, 94.1623539356
0, 29.0300934821, 19.4952040423, 94.4593715419
0, 28.5866468653, 19.3507489564, 94.7625636391
0, 28.1695255052, 19.1939824546, 95.0595470944
0, 27.7458420408, 19.0660410586, 95.3471390396
0, 27.3388498512, 18.9329514076, 95.6238026821
0, 26.9263269159, 18.7884280198, 95.8799620968
0, 26.5337925292, 18.6572286236, 96.1494403803
0, 26.1377166894, 18.4923905457, 96.4046845496
0, 25.7740569274, 18.3464294031, 96.67080238
0, 25.4122805901, 18.1942340054, 96.9210126999
0, 25.0611047064, 18.0544456463, 97.1739482652
0, 24.7332248904, 17.9311265809, 97.4273004721
0, 24.402607876, 17.8138556479, 97.6636659985
0, 24.0601063326, 17.696063913, 97.9063494499
0, 23.7334149695, 17.5585995258, 98.1233377297
0, 23.4080332951, 17.404831477, 98.3454896324
0, 23.0883633665, 17.2912283556, 98.5750864414
0, 22.7886580808, 17.1576930347, 98.802108269
0, 22.4805636153, 17.043932819, 99.011016435
0, 22.1836928581, 16.9204412913, 99.2065169396
0, 21.8861288367, 16.8156115479, 99.4108898599
90, 21.628340422, 16.7294401738, 99.5816855703
90, 21.3403352503, 16.6018266268, 99.7734841124
90, 21.0891926097, 16.5057514784, 99.9427020491
90, 20.8121959954, 16.3820721205, 100.125833081
90, 20.5476030047, 16.2696711124, 100.318464906
90, 20.280626278, 16.160307831, 100.492771334
90, 20.0321918073, 16.0484856814, 100.663314327
90, 19.7904679975, 15.9452422495, 100.836193245
90, 19.558198877, 15.8328053829, 101.008484767
90, 19.3293363134, 15.7134392894, 101.180216213
90, 19.1035951462, 15.6212129526, 101.354918792
90, 18.866406582, 15.5138782374, 101.512033634
90, 18.6383107071, 15.3902774266, 101.671784928
90, 18.4236122483, 15.3116978077, 101.839595846
90, 18.2165584787, 15.2143368762, 101.994729932
90, 18.005544907, 15.1284387097, 102.157909982
90, 17.7893096556, 15.0389939674, 102.313426559
90, 17.5972720569, 14.947414791, 102.454551928
90, 17.4019525523, 14.8242015935, 102.578676955
90, 17.2094812365, 14.7217453408, 102.709994172
90, 17.0335970352, 14.6408451652, 102.853004673
90, 16.8524143147, 14.5632337257, 102.99406857
90, 16.6823562647, 14.47357554, 103.118302881
90, 16.5117142336, 14.4027686764, 103.246648966
90, 16.3464236557, 14.3123198963, 103.368820559
90, 16.1715913035, 14.2422506932, 103.490206681
90, 15.9984528382, 14.1575384182, 103.606456501
90, 15.8354179303, 14.067256124, 103.71077398
90, 15.66841639, 14.0106133652, 103.843225009
90, 15.5142402374, 13.9424412471, 103.979248226
90, 15.380163624, 13.8765572424, 104.099213668
90, 15.2431995481, 13.7989859302, 104.199371562
90, 15.101227236, 13.7199529575, 104.293833079
90, 14.9619152826, 13.6472165655, 104.389148369
90, 14.8329083771, 13.5740327961, 104.488548112
90, 14.704763783, 13.4924222808, 104.584764986
90, 14.6023468039, 13.4271640921, 104.666795558
90, 14.4644879733, 13.3475266477, 104.769815302
90, 14.3219598545, 13.2779458031, 104.878770479
90, 14.1945102322, 13.21342869, 104.968867505
180, 14.0756111529, 13.1696633991, 105.08245355
180, 13.8873976063, 13.1179076407, 105.230333976
180, 13.7671213901, 13.0447366779, 105.317876511
180, 13.6529991744, 12.99521183, 105.406689461
180, 13.5477690112, 12.8966923276, 105.492449316
180, 13.4403250129, 12.8521270508, 105.57816136
180, 13.4027162838, 12.7676674929, 105.6186234
180, 13.3056968617, 12.7287576127, 105.710284539
180, 13.1975988728, 12.6722557266, 105.786352356
180, 13.094415205, 12.6186020293, 105.86160055
180, 13.0180306382, 12.5552144587, 105.934929461
180, 12.9303002734, 12.493781176, 106.011830561
180, 12.8346579882, 12.4274207656, 106.075761131
180, 12.7473280433, 12.3603355013, 106.145791061
180, 12.6433700028, 12.29154952, 106.214154424
180, 12.5491193687, 12.2125950945, 106.281629863
180, 12.4602082349, 12.1714987, 106.351885189
180, 12.3632647987, 12.1386634194, 106.421662401
180, 12.2843172034, 12.1120068986, 106.488693878
180, 12.1930334327, 12.0748549384, 106.55557509
180, 12.0942859728, 12.0149738161, 106.615755887
180, 12.03203819, 11.9633025813, 106.677111476
180, 11.9499837124, 11.9091519878, 106.736418009
180, 11.8732601975, 11.8830171227, 106.806680165
180, 11.7337245554, 11.8338192701, 106.879291906
180, 11.6563829083, 11.7872203045, 106.935572665
180, 11.598368989, 11.7556392173, 106.999701311
180, 11.5331833711, 11.7304947297, 107.052252786
180, 11.4662458097, 11.7034429117, 107.094319921
180, 11.419986646, 11.6552533658, 107.133156377
180, 11.3520885893, 11.6356046191, 107.190475325
180, 11.2846242495, 11.5863350495, 107.239987366
180, 11.2135774755, 11.55390275, 107.303467144
180, 11.1390319372, 11.5197022853, 107.332843788
180, 11.0872377589, 11.4944126561, 107.381624999
180, 11.018963188, 11.4412626853, 107.426649606
180, 10.9800456239, 11.4078673291, 107.469024099
180, 10.9195386855, 11.3819561527, 107.510510668
180, 10.8615093984, 11.3605298493, 107.559851955
180, 10.8164839376, 11.3306008141, 107.597438486
270, 10.768757137, 11.3138719733, 107.638453772
270, 10.7204275722, 11.2842443202, 107.682358228
270, 10.6521948361, 11.2712720835, 107.710184419
270, 10.6048539412, 11.2606212572, 107.748262723
270, 10.5574088859, 11.2299426088, 107.784435405
270, 10.5177340246, 11.1995704651, 107.815061973
270, 10.4734556158, 11.1588804669, 107.830798729
270, 10.4145341351, 11.1398882721, 107.868002769
270, 10.372086217, 11.0891066694, 107.908300886
270, 10.3298935771, 11.0388040337, 107.940614511
270, 10.2958263011, 11.0097518241, 107.97272323
270, 10.253306666, 11.0019944367, 108.004230892
270, 10.223889895, 10.975854449, 108.023471535
270, 10.1945994825, 10.9457077016, 108.062772444
270, 10.1489217387, 10.9221008603, 108.085120823
270, 10.1260090153, 10.9041255099, 108.117099769
270, 10.0934648715, 10.8769012296, 108.146435431
270, 10.0546062177, 10.8450443736, 108.18394683
270, 10.0138419412, 10.8259531411, 108.219026681
270, 9.97556385356, 10.790856214, 108.248307702
270, 9.95577764931, 10.7620900186, 108.280423252
270, 9.91166231124, 10.7318732617, 108.29625563
270, 9.87848978998, 10.7319381485, 108.323002651
270, 9.84455399509, 10.746914192, 108.362911447
270, 9.81113217194, 10.7285136624, 108.390805939
270, 9.79156026487, 10.7146552086, 108.426500508
270, 9.75452868674, 10.6966380233, 108.462215567
270, 9.7283016141, 10.6684506864, 108.475425153
270, 9.68163349282, 10.6421040854, 108.496544098
270, 9.63481169229, 10.6187414234, 108.510675759
270, 9.61334782282, 10.6065964932, 108.538460969
270, 9.58120666013, 10.5866531946, 108.553835724
270, 9.55101978532, 10.5593571974, 108.568998744
270, 9.53207540189, 10.552818145, 108.598730558
270, 9.50832598037, 10.5249586572, 108.635736523
270, 9.47125598242, 10.5158557226, 108.654464901
270, 9.46117462321, 10.5009872545, 108.691163508
270, 9.43092713047, 10.492265103, 108.707084679
270, 9.40468383613, 10.4813470456, 108.726284341
270, 9.38621841971, 10.4772591773, 108.738558191

0, 36.4366071841, 22.9298193079, 87.5067717216
0, 35.822221423, 22.7376536432, 87.9511301686
0, 35.2277183425, 22.5785631695, 88.3708384629
0, 34.6444167723, 22.408359978, 88.7988044559
0, 34.069308014, 22.2399292206, 89.2070926739
0, 33.5032834073, 22.0797390865, 89.5915981732
0, 32.9737388409, 21.9029140266, 89.9682011437
0, 32.4332010851, 21.7283326839, 90.3507941901
0, 31.9129387459, 21.5596697001, 90.7296306324
0, 31.3970067465, 21.39592616, 91.1005030741
0, 30.9115817871, 21.213375694, 91.47405295
0, 30.4048227318, 21.0269081146, 91.8244758054
0, 29.9364322642, 20.8669245937, 92.1742429626
0, 29.471269061, 20.7020506573, 92.5081435904
0, 29.0220201985, 20.5303397016, 92.8444552749
0, 28.5883578277, 20.3548636041, 93.162660128
0, 28.1569630798, 20.1900169884, 93.4838497737
0, 27.7220320013, 20.0348743641, 93.7942408903
0, 27.3036436411, 19.8803259662, 94.1099185734
0, 26.8715931949, 19.7242902946, 94.407059123
0, 26.4656204111, 19.5772038784, 94.7154694848
0, 26.0717216941, 19.4072277907, 94.9915662216
0, 25.6851927512, 19.2346989198, 95.2627520524
0, 25.3139241585, 19.0700298891, 95.5329816568
0, 24.9517431325, 18.9033083866, 95.8127871863
0, 24.5946301068, 18.7564695647, 96.0804076584
0, 24.2480253272, 18.5985829118, 96.3405559035
0, 23.9101034256, 18.464851223, 96.5829866379
0, 23.5819094208, 18.3249621186, 96.8275688818
0, 23.2526891802, 18.21010395, 97.0844181456
0, 22.9228661754, 18.0750779403, 97.3226346533
0, 22.5958947745, 17.9583039036, 97.5735894638
0, 22.2958411492, 17.8279258376, 97.8123455564
0, 22.0008077129, 17.6972540735, 98.0592842156
0, 21.7121792865, 17.5650608847, 98.283444194
0, 21.4245429451, 17.4126588738, 98.507085078
0, 21.1366094904, 17.2709631844, 98.7318734338
0, 20.8531037059, 17.1502532512, 98.9551864687
0, 20.5807874788, 17.0216544495, 99.17620456
0, 20.3197700921, 16.9003366294, 99.4073928031
0, 20.0427598175, 16.7677660727, 99.6044710814
0, 19.7972998942, 16.630842978, 99.8022665296
0, 19.5406777342, 16.4974971948, 99.9889492599
0, 19.3010217642, 16.350986222, 100.161698404
0, 19.0606861903, 16.2331961947, 100.338969134
0, 18.8251129658, 16.1225505452, 100.510120014
0, 18.5982533552, 16.0054776878, 100.683306291
0, 18.3720562729, 15.8850136414, 100.850686907
0, 18.1423962847, 15.7796870017, 101.004694012
0, 17.9284696373, 15.6750741169, 101.174820364
90, 17.7548650116, 15.5823679593, 101.311950072
90, 17.548659893, 15.4390927886, 101.489965292
90, 17.3537092186, 15.3372205171, 101.667905381
90, 17.159094931, 15.2313696605, 101.823080448
90, 16.9724002478, 15.1362797668, 101.972559138
90, 16.7888201309, 15.0244507871, 102.1184793
90, 16.6062150234, 14.9311913842, 102.279671764
90, 16.4276055766, 14.8267014427, 102.431377096
90, 16.2491959128, 14.7191191331, 102.588703673
90, 16.0728592115, 14.6308457682, 102.727916589
90, 15.8887224341, 14.5418022996, 102.872941995
90, 15.7156898368, 14.4529159253, 103.011144043
90, 15.5591009199, 14.3852560714, 103.146149562
90, 15.4043493238, 14.2992204472, 103.278655232
90, 15.2528488978, 14.2220589464, 103.412424487
90, 15.1171740202, 14.1593936683, 103.552450195
90, 14.9630456789, 14.0664296711, 103.659752467
90, 14.8091444414, 13.9884485476, 103.779485683
90, 14.6638424121, 13.8954068569, 103.906062749
90, 14.5317021573, 13.8192775684, 104.033063286
90, 14.409344441, 13.7160648723, 104.135973747
90, 14.2779623372, 13.6527660942, 104.254183831
90, 14.1693973341, 13.5590183327, 104.364429914
90, 14.0492534529, 13.4677311469, 104.482803922
90, 13.9329822889, 13.3855767778, 104.592421628
90, 13.8236446206, 13.3050351871, 104.683993975
90, 13.7102890936, 13.2430768336, 104.798317681
90, 13.5999226281, 13.1945799292, 104.898455084
90, 13.490894026, 13.1107333807, 104.982965015
90, 13.390249481, 13.0645160519, 105.080445475
90, 13.2868301717, 13.0120900812, 105.191777558
90, 13.1881629665, 12.9417980431, 105.271041904
90, 13.08286194, 12.8983597475, 105.365380476
90, 12.9736472152, 12.8434048992, 105.439317274
90, 12.8786153782, 12.789966353, 105.520862903
90, 12.7884432208, 12.7383318304, 105.608207362
90, 12.6806850338, 12.6873205626, 105.68938416
90, 12.5894857867, 12.642494031, 105.772493902
90, 12.5007291859, 12.5864062251, 105.843056586
90, 12.408190368, 12.5255167962, 105.915647837
90, 12.3252590648, 12.4743023303, 105.984332219
90, 12.2445074458, 12.4275146807, 106.058296338
90, 12.1529905949, 12.3722806484, 106.140743551
90, 12.1074844596, 12.3567897794, 106.179265818
90, 11.960754067, 12.3157719321, 106.286240241
90, 11.8790786649, 12.260280914, 106.361392812
90, 11.805364702, 12.2121673539, 106.427611496
90, 11.721878446, 12.1833943282, 106.492955916
90, 11.6538617147, 12.1436614103, 106.554038298
90, 11.5808777283, 12.0913746046, 106.614328378
180, 11.5185821342, 12.0413178558, 106.667829249
180, 11.4542408985, 11.9730928037, 106.731172424
180, 11.3851757331, 11.9168214364, 106.792500692
180, 11.3200353653, 11.872881122, 106.857237225
180, 11.2575929221, 11.8246676704, 106.911892399
180, 11.1945092949, 11.7864280025, 106.968835686
180, 11.1234949643, 11.7410798153, 107.031051879
180, 11.0354709014, 11.7066471242, 107.07946426
180, 10.9818855061, 11.6700219423, 107.130492603
180, 10.9248713557, 11.6197099151, 107.180455437
180, 10.8676070497, 11.5856648372, 107.225964987
180, 10.8115747391, 11.5287531397, 107.263435405
180, 10.7608836364, 11.4758908906, 107.311171597
180, 10.6874292208, 11.4114079284, 107.361503261
180, 10.6334724339, 11.3823488886, 107.413467341
180, 10.5792065809, 11.3475226078, 107.462357835
180, 10.5273492234, 11.3159031008, 107.504267875
180, 10.4879629376, 11.2903940518, 107.556457351
180, 10.4387889906, 11.2347792365, 107.588163089
180, 10.3872757039, 11.212493183, 107.63333113
180, 10.3336792095, 11.1719500339, 107.668930076
180, 10.2783546772, 11.1257420966, 107.698429663
180, 10.2441226229, 11.0890597119, 107.726692986
180, 10.2019675491, 11.0552058793, 107.765597743
180, 10.1341719451, 11.0359993873, 107.798642198
180, 10.085945687, 10.9835759779, 107.833913295
180, 10.0451617737, 10.9486540744, 107.872230657
180, 10.0013700158, 10.9238476811, 107.894278507
180, 9.96488997544, 10.9111187698, 107.923942019
180, 9.92872327001, 10.8836605556, 107.963782512
180, 9.8944024232, 10.8553972328, 108.010944968
180, 9.86735828918, 10.8230972682, 108.056393047
180, 9.8449262404, 10.8009597714, 108.1026949
180, 9.81518759676, 10.7817404728, 108.147343846
180, 9.80318524684, 10.7379461536, 108.178639773
180, 9.7542512103, 10.7476245317, 108.207176303
180, 9.71849687755, 10.7198504212, 108.228336229
180, 9.68768674797, 10.694489075, 108.252036986
180, 9.64582195723, 10.6515775578, 108.264864081
180, 9.61148061986, 10.6314413064, 108.292942989
180, 9.59374944877, 10.6199734187, 108.313658952
180, 9.56283857391, 10.6004245636, 108.338097369
180, 9.54034932229, 10.5889361854, 108.356381786
180, 9.50489893295, 10.5776535666, 108.384276278
180, 9.47965626133, 10.5630694052, 108.423058092
180, 9.47229502495, 10.5176221802, 108.451232623
180, 9.44999616486, 10.4938283625, 108.46629319
180, 9.4243949083, 10.4705220495, 108.493094852
180, 9.39449660898, 10.455662973, 108.517649382
180, 9.37224982908, 10.4345909856, 108.543952441
270, 9.3578876488, 10.4252037444, 108.564948442
270, 9.34908524251, 10.4129828284, 108.604338143
270, 9.33480417073, 10.4067989459, 108.630347503
270, 9.31134759357, 10.4158865126, 108.656855468
270, 9.29527871978, 10.3814128403, 108.681635394
270, 9.25551591975, 10.3791554628, 108.709960188
270, 9.22097650689, 10.3635664097, 108.731878266
270, 9.20349463771, 10.3544284704, 108.754882343
270, 9.1742537441, 10.3418950733, 108.766199966
270, 9.1530664973, 10.341243644, 108.784798571
270, 9.14435202969, 10.3398374788, 108.822733442
270, 9.12953734938, 10.3400995873, 108.850675746
270, 9.11945342884, 10.3177691376, 108.884710578
270, 9.09313927129, 10.3227876191, 108.913506656
270, 9.06908249126, 10.3300856762, 108.943450205
270, 9.06137376901, 10.3297040394, 108.959569452
270, 9.03645553137, 10.3113888871, 108.967267075
270, 9.0056454018, 10.2881713666, 108.987539076
270, 8.98600348529, 10.2775700592, 109.01149255
270, 8.9731968806, 10.268499568, 109.031607457
270, 8.96421176674, 10.2640437233, 109.045595684
270, 8.9583557333, 10.2477827505, 109.057043081
270, 8.940670666, 10.2326615654, 109.076632064
270, 8.91061697987, 10.2114674884, 109.08228746
270, 8.90686293715, 10.1846103308, 109.089534291
270, 8.88951084157, 10.1813455004, 109.111623123
270, 8.87457748672, 10.1822325712, 109.1310072
270, 8.93081043416, 10.1599217583, 109.085176631
270, 8.93159078327, 10.1465636159, 109.092252706
270, 8.91741728697, 10.159017612, 109.103030745
270, 8.89633761564, 10.1530676635, 109.108529047
270, 8.8808501617, 10.1389206342, 109.113241878
270, 8.94253786896, 10.1319453035, 109.081139989
270, 8.94216903875, 10.1295197326, 109.079220706
270, 8.91407817824, 10.128794025, 109.100496745
270, 8.89744239874, 10.1107059765, 109.116725274
270, 8.88112251549, 10.1004265418, 109.121656671
270, 8.93597832604, 10.0943434046, 109.090114857
270, 8.91645935294, 10.1002037069, 109.082833876
270, 8.8303340826, 10.0807163234, 109.13175169
270, 8.82079743097, 10.0617668173, 109.143369842
270, 8.81233311904, 10.0692825867, 109.157303428
270, 8.81628779857, 10.0604784729, 109.173313392
270, 8.87535356696, 10.0607781474, 109.140145993
270, 8.87623295382, 10.0728052568, 109.149551163
270, 8.95910961543, 10.0617019305, 109.117551727
270, 8.87938081725, 10.0518673119, 109.176926562
270, 8.86707708524, 10.0643503364, 109.202826639
270, 8.92529591017, 10.0655387893, 109.171551203
270, 8.92178092407, 10.056321449, 109.182506826

0, 38.4978011813, 22.3245552645, 87.5645141408
0, 37.8502036253, 22.2006897839, 88.006099531
0, 37.2042145789, 22.0300340924, 88.4276997877
0, 36.5561389097, 21.8887789501, 88.8467045726
0, 35.9463601111, 21.723425193, 89.2496174317
0, 35.3529635213, 21.5852094849, 89.6582608195
0, 34.7821236313, 21.4419735878, 90.0610643957
0, 34.2058127597, 21.2825262368, 90.4415127626
0, 33.6597323053, 21.1272811596, 90.8234637712
0, 33.1213494742, 20.9664131291, 91.1936053827
0, 32.591917606, 20.804057825, 91.5552707294
0, 32.0704907194, 20.65250105, 91.9019984525
0, 31.5608390791, 20.516076559, 92.2672701391
0, 31.0644106849, 20.3646649255, 92.6125225413
0, 30.5738904044, 20.2173257923, 92.96017917
0, 30.0934514831, 20.0838092544, 93.2775029287
0, 29.6379837333, 19.9322029605, 93.6047646125
0, 29.177113304, 19.7612535708, 93.9182976162
0, 28.7175406106, 19.6183421077, 94.2472326964
0, 28.2799064848, 19.4453795198, 94.541770944
0, 27.8536873127, 19.2947362826, 94.849573419
0, 27.4373838677, 19.1370903939, 95.1297819297
0, 27.0249138663, 19.0058602618, 95.4207411581
0, 26.6310049041, 18.877582479, 95.7150130283
0, 26.2396658005, 18.7288448646, 95.9992240299
0, 25.863078198, 18.5925091661, 96.2751431818
0, 25.4993347662, 18.4415124666, 96.5373268233
0, 25.1296319943, 18.3022141736, 96.8060742765
0, 24.7729082894, 18.1776434759, 97.0534500679
0, 24.4246881701, 18.0305587672, 97.298073293
0, 24.0676844274, 17.9008142013, 97.5391584801
0, 23.7382353755, 17.7680489842, 97.7905162718
0, 23.4158777674, 17.6430513998, 98.0316014589
0, 23.101378292, 17.4904820492, 98.2600234753
0, 22.786247024, 17.3584562001, 98.4980760585
0, 22.4772287754, 17.2329395213, 98.726067773
0, 22.1899441887, 17.1106432766, 98.9558148461
0, 21.8920642711, 16.9796248804, 99.1677761066
0, 21.5953847592, 16.8469757765, 99.3831797825
0, 21.3186323243, 16.7321568815, 99.5852714196
0, 21.0545106166, 16.6007218437, 99.7821447923
0, 20.7650881807, 16.4899430056, 99.9917769583
0, 20.4882776891, 16.3685688365, 100.188356633
0, 20.2240893871, 16.2503075261, 100.379076005
0, 19.9716626709, 16.14411516, 100.563334018
0, 19.7247786531, 16.0336949068, 100.74285871
0, 19.4976851085, 15.9250778235, 100.900021363
0, 19.279677423, 15.8001724466, 101.082127867
0, 19.0511888123, 15.7041707227, 101.24941969
0, 18.8170926162, 15.6052371401, 101.411944041
0, 18.5950226757, 15.4896686318, 101.561579826
0, 18.3762226883, 15.3677241419, 101.714425799
0, 18.1714945981, 15.2568701717, 101.871554301
0, 17.9594804036, 15.1691363918, 102.027057218
0, 17.751234766, 15.0749344228, 102.182614776
0, 17.553046582, 14.9755022364, 102.334723089
0, 17.3579575963, 14.8614534452, 102.487630534
0, 17.1675285071, 14.7519518524, 102.640442356
0, 16.9727998139, 14.6649915915, 102.791375876
0, 16.7990312637, 14.5607629047, 102.919885886
90, 16.5566363878, 14.5051566271, 103.097272729
90, 16.3788653467, 14.4299681972, 103.220598624
90, 16.2073149004, 14.3363467943, 103.350003388
90, 16.0557905687, 14.2378819334, 103.47606136
90, 15.9007264916, 14.1342269826, 103.605076803
90, 15.7397184423, 14.0644036662, 103.729597982
90, 15.5848882991, 13.9794625799, 103.836592895
90, 15.4168519851, 13.9032607207, 103.941593393
90, 15.2682236537, 13.8269017671, 104.052604458
90, 15.1207906053, 13.7504907333, 104.170527674
90, 14.9920415395, 13.64904791, 104.293211531
90, 14.8559875863, 13.56059013, 104.418053729
90, 14.720741303, 13.4971658472, 104.515534189
90, 14.5828380761, 13.4148970724, 104.626155933
90, 14.4471239249, 13.3465166335, 104.727229072
90, 14.3197852931, 13.2663165523, 104.835911042
90, 14.2020345393, 13.1946063962, 104.95353373
90, 14.091392305, 13.1054041256, 105.043173133
90, 13.9711826831, 13.0418440928, 105.142313328
90, 13.8430167447, 12.9670629129, 105.233414391
90, 13.7247989767, 12.9148794138, 105.327541228
90, 13.6131450206, 12.834847526, 105.414755914
90, 13.4988324133, 12.7714770309, 105.504832449
90, 13.3966322928, 12.7155019231, 105.577109511
90, 13.2810629307, 12.6553083197, 105.674378234
90, 13.17723381, 12.5946109899, 105.756347335
90, 13.0867303884, 12.5626602187, 105.854169304
90, 12.984805183, 12.4862662604, 105.939287121
90, 12.8892619356, 12.4280961005, 106.025634373
90, 12.7955457637, 12.3755275496, 106.108805586
90, 12.6852885813, 12.3298506595, 106.195364574
90, 12.5921102869, 12.2836854109, 106.27033956
90, 12.4921888882, 12.2416421815, 106.338607301
90, 12.399843023, 12.1863142341, 106.415863571
90, 12.3218115269, 12.1568103782, 106.49599535
90, 12.2479797433, 12.1145366299, 106.561742751
90, 12.1690261715, 12.064642098, 106.641478379
90, 12.0753176837, 12.0222454063, 106.702205591
90, 11.9720751055, 12.0022278294, 106.767905181
90, 11.9056002894, 11.9781548276, 106.84406179
90, 11.8309232699, 11.9279222014, 106.914979644
90, 11.7621697319, 11.8880065759, 106.987325008
90, 11.6820977167, 11.8566568614, 107.069177995
90, 11.6098462682, 11.8148492735, 107.145990303
90, 11.5437061313, 11.7855170261, 107.212577817
90, 11.4881468113, 11.7421248343, 107.280661142
90, 11.4147120324, 11.714738337, 107.343922354
90, 11.3483388154, 11.6755911078, 107.398236019
90, 11.2836381409, 11.6458336811, 107.446026852
90, 11.2095664469, 11.6099324993, 107.501658743
90, 11.1392300126, 11.5765969073, 107.554135087
90, 11.0756144845, 11.5453855041, 107.599863203
90, 11.016417235, 11.513129082, 107.641957659
90, 10.9414516399, 11.4754682727, 107.69361438
90, 10.8820904659, 11.4476181763, 107.72791559
90, 10.8298822074, 11.4285269438, 107.778937103
90, 10.7783544065, 11.3966547198, 107.820560275
90, 10.7247032706, 11.3595915521, 107.859827033
90, 10.6792662909, 11.3257676015, 107.900207111
90, 10.6047728327, 11.2933779907, 107.935935831
180, 10.5498973854, 11.2639731726, 107.970353154
180, 10.496772174, 11.2480639544, 108.018717724
180, 10.455006421, 11.2366609536, 108.061447387
180, 10.4015038417, 11.213440018, 108.105686522
180, 10.3595007396, 11.1757211521, 108.139284223
180, 10.3230258219, 11.140876942, 108.177997735
180, 10.2828660172, 11.103705345, 108.218097776
180, 10.240127816, 11.0720346116, 108.267937666
180, 10.197675629, 11.0332186465, 108.312982764
180, 10.1601130036, 11.0267837546, 108.362119145
180, 10.1299440581, 11.0123276592, 108.383005863
180, 10.0880365786, 10.973127496, 108.416412318
180, 10.0268534516, 10.9615400801, 108.444682471
180, 9.99695344472, 10.950443584, 108.482282663
180, 9.94954766301, 10.9117975199, 108.517273722
180, 9.91806988245, 10.8901517966, 108.548658441
180, 9.87626570964, 10.8635183277, 108.593621576
180, 9.82669817306, 10.8465649444, 108.63851641
180, 9.79918617108, 10.831980783, 108.663658336
180, 9.76971817368, 10.8057332198, 108.695992452
180, 9.74394018598, 10.791063681, 108.711749698
180, 9.75658798877, 10.8055095311, 108.717712453
180, 9.72535267992, 10.7859470156, 108.755107739
180, 9.70086901307, 10.7761277649, 108.792803553
180, 9.67005973727, 10.7687255473, 108.818368951
180, 9.61246245955, 10.7511403716, 108.85153635
180, 9.58741700964, 10.7199750721, 108.863215973
180, 9.55385687515, 10.7020142359, 108.888658428
180, 9.51940966984, 10.6780522248, 108.917509147
180, 9.47962552548, 10.654401841, 108.945594885
180, 9.45195899047, 10.6424652317, 108.985599303
180, 9.42059903067, 10.6449864252, 109.005502474
180, 9.39996246787, 10.617852645, 109.039571457
180, 9.38714561789, 10.5916878978, 109.071687007
180, 9.34541999225, 10.5862988786, 109.100250858
180, 9.32365388691, 10.5511071827, 109.135890785
180, 9.31960273096, 10.5165575245, 109.170294448
180, 9.30221989952, 10.5074084861, 109.195969129
180, 9.28701333711, 10.4989407591, 109.205428941
180, 9.27655375617, 10.5019656791, 109.227702188
180, 9.26720749606, 10.4954146739, 109.242605661
180, 9.24190506028, 10.4867335035, 109.262672756
180, 9.21897013882, 10.4913891312, 109.298456118
180, 9.18927845273, 10.4752715923, 109.31766944
180, 9.17231482415, 10.4776971632, 109.339826573
180, 9.17871300385, 10.4770474415, 109.330646799
180, 9.15438899267, 10.4722219128, 109.347585668
180, 9.14874042623, 10.4754619838, 109.374578576
180, 9.10722909778, 10.447692996, 109.377720463
180, 9.10056539447, 10.4484383404, 109.385267822
180, 9.08302376113, 10.4508254915, 109.397609974
180, 9.07067392534, 10.4578025297, 109.420614051
180, 9.040756843, 10.4539485955, 109.437669033
180, 9.02856495533, 10.4343809573, 109.443850354
180, 9.01002782192, 10.4328031836, 109.463077337
180, 9.00699521793, 10.4374451509, 109.480542131
180, 8.98542718808, 10.4146067059, 109.495623188
180, 8.96441240355, 10.4202211214, 109.520307492
180, 8.95449582265, 10.4029544031, 109.519815718
180, 8.92603869325, 10.3905097985, 109.538830965
270, 8.92371984402, 10.3780950759, 109.550264702
270, 8.84062376258, 10.3746611983, 109.601620894
270, 8.81931869501, 10.3819379111, 109.623211122
270, 8.8190762233, 10.3702856083, 109.617439612
270, 8.80577442989, 10.3594085321, 109.633770594
270, 8.89113471904, 10.3356206908, 109.593820818
270, 8.86808624569, 10.3287392752, 109.611811536
270, 8.78268070653, 10.3296306149, 109.671725956
270, 8.77134771515, 10.3182634725, 109.687380749
270, 8.70136559691, 10.306327717, 109.731988715
270, 8.64978486208, 10.3076630189, 109.742944338
270, 8.63397638924, 10.299983325, 109.755395773
270, 8.62104427982, 10.2890652676, 109.767410076
270, 8.62177767138, 10.2871502533, 109.783556643
270, 8.68863924694, 10.2500606186, 109.755989999
270, 8.682566355, 10.2558782322, 109.765723019
270, 8.7535311667, 10.2418430472, 109.737500677
270, 8.66620036797, 10.2186648003, 109.81018072
270, 8.65729807016, 10.2196859136, 109.832392496
270, 8.64737465907, 10.1977780818, 109.84734378
270, 8.64438559754, 10.1856758404, 109.866536611
270, 8.66975804276, 10.169073358, 109.890080273
270, 8.6760384017, 10.1507052718, 109.904614916
270, 8.68703756758, 10.1371388086, 109.917694728
270, 8.6783094396, 10.1363260161, 109.931198012
270, 8.75359690727, 10.1450302384, 109.905543822
270, 8.67255671277, 10.1729827876, 109.96216609
270, 8.70783720115, 10.1644032162, 109.967650732
270, 8.69098968579, 10.1764824057, 109.988079827
270, 8.66920479743, 10.163585301, 110.006193489
270, 8.65558198513, 10.162457466, 110.024477906
270, 8.65375661708, 10.1547359372, 110.048895832
270, 8.64631000334, 10.1613919565, 110.070253833
270, 8.62266218088, 10.1549860929, 110.076858626
270, 8.61648171346, 10.1517818804, 110.082882853
270, 8.61576625114, 10.1401688512, 110.077425532
270, 8.6168044399, 10.1364549359, 110.074044588
270, 8.61660038799, 10.1140433777, 110.0773504
270, 8.58355251769, 10.1045622213, 110.07483689
270, 8.50736004996, 10.1063414856, 110.114670554
270, 8.42840818579, 10.1102560378, 110.155043802
270, 8.41867345868, 10.1046680893, 110.152277575
270, 8.41751744916, 10.1060998677, 110.156457651
270, 8.49232168095, 10.0959382537, 110.117156742
270, 8.57342676225, 10.0860413096, 110.062228361
270, 8.49412058202, 10.0949726357, 110.086181835
270, 8.48012723196, 10.0940454375, 110.095382099
270, 8.48418948697, 10.1093740896, 110.10227376
270, 8.41731681235, 10.1225051283, 110.158062745
270, 8.49016163363, 10.1075094479, 110.106050855
270, 8.42443130815, 10.1118184435, 110.142612857
270, 8.35045779812, 10.1199122177, 110.18998705
270, 8.34607623176, 10.1230609349, 110.205635013
270, 8.33302288649, 10.1290604023, 110.204016258
270, 8.31571262581, 10.1467301017, 110.205778447
270, 8.40555095774, 10.1375153227, 110.174687426
270, 8.40893190137, 10.1106479199, 110.182869992
270, 8.47289064654, 10.101138589, 110.139184102
270, 8.46572321678, 10.1114752265, 110.134853763
270, 8.48483835494, 10.1075461602, 110.108468742

0, 39.0412281071, 23.0109568326, 88.7128806761
0, 38.4033225896, 22.850134906, 89.1311614609
0, 37.6889496892, 22.7197824532, 89.594152664
0, 37.0471987751, 22.5612264418, 89.9819161636
0, 36.4342883349, 22.3884124106, 90.382636532
0, 35.9122911276, 22.182369509, 90.711674065
0, 35.3292388593, 22.006084034, 91.0614070713
0, 34.744851289, 21.8711229111, 91.4337753245
0, 34.190516551, 21.7300231557, 91.8016698037
0, 33.6423802097, 21.5648982099, 92.1773916798
0, 33.0948312647, 21.3932128673, 92.5237847236
0, 32.5771439068, 21.2410362526, 92.8669812388
0, 32.0688275684, 21.0863717415, 93.1926583188
0, 31.5771734765, 20.9049807002, 93.5196467951
0, 31.0822169881, 20.704133865, 93.830734591
0, 30.5974272362, 20.5409128344, 94.1477236704
0, 30.0468900835, 20.3912224086, 94.4826761473
0, 29.5929147301, 20.2260155005, 94.793934698
0, 29.1385466409, 20.0675038853, 95.0963208329
0, 28.6991469112, 19.8932162407, 95.3991236094
0, 28.2730011636, 19.7502381833, 95.6893588378
0, 27.8538461146, 19.599361012, 95.9774084057
0, 27.4474225382, 19.4467523879, 96.2612369166
0, 27.0481313869, 19.2845541781, 96.5430436916
0, 26.5833575044, 19.1623808769, 96.838838694
0, 26.1423834161, 19.0253741123, 97.141805395
0, 25.7713777857, 18.8609031571, 97.3869818654
0, 25.485356784, 18.6877868899, 97.6011697676
0, 25.1194328143, 18.5559727767, 97.8554167293
0, 24.7794242899, 18.4064531056, 98.0831488966
0, 24.3539854669, 18.2721715865, 98.348003142
0, 24.0616004364, 18.1130759902, 98.581609272
0, 23.7351617903, 17.98453183, 98.8070738165
0, 23.4119913898, 17.885079153, 99.0261316436
0, 23.0975397257, 17.7386501425, 99.2349919982
0, 22.7737563156, 17.6079527652, 99.4372338995
0, 22.5506925826, 17.4659172738, 99.6132888556
0, 22.2569244388, 17.3487129352, 99.8255233237
0, 21.9771411074, 17.2232526055, 100.029780131
0, 21.6966474363, 17.1204924094, 100.225478711
0, 21.4111233309, 17.0132652696, 100.419722461
0, 21.1438324155, 16.9091902621, 100.630153759
0, 20.8770110755, 16.7868291307, 100.815620716
0, 20.6223389346, 16.6613909991, 100.988315219
0, 20.3851008515, 16.5658468978, 101.176889911
0, 20.1281986538, 16.4505925782, 101.357514264
0, 19.8828343532, 16.3388455608, 101.536909182
0, 19.6639097148, 16.2423110821, 101.71264995
0, 19.3636119102, 16.152798038, 101.922370908
0, 19.1419500735, 16.0279677932, 102.085496316
0, 18.9346452945, 15.9320787674, 102.247925045
0, 18.633249537, 15.8493190728, 102.44378755
0, 18.4196917197, 15.7428330085, 102.596134919
0, 18.2108484406, 15.633790746, 102.759492553
0, 18.0018685576, 15.534715437, 102.919250678
0, 17.8027787886, 15.4360362789, 103.061393745
0, 17.5594857428, 15.3586792639, 103.240242248
0, 17.2997985355, 15.282099183, 103.413585619
0, 17.1197564565, 15.1930335162, 103.548311101
0, 17.0067356088, 15.0755662153, 103.632841522
0, 16.8550900413, 14.9829488502, 103.770135154
0, 16.6839698969, 14.8837454751, 103.898180711
0, 16.5102030542, 14.787842789, 104.022886305
0, 16.3518143825, 14.7013299054, 104.152284238
0, 16.1953535316, 14.6212373996, 104.279161832
0, 16.0487981626, 14.5473432905, 104.398464747
0, 15.8934250193, 14.4618925014, 104.502782226
0, 15.8140684665, 14.3734415516, 104.58849427
0, 15.7323589134, 14.2941234186, 104.675292314
0, 15.6596857007, 14.1931313877, 104.749092508
90, 15.5099457559, 14.1028909284, 104.836150099
90, 15.373630548, 14.0249089511, 104.950617239
90, 15.2248468298, 13.9702862208, 105.052380228
90, 15.0723013849, 13.8953283097, 105.152995744
90, 14.9499880648, 13.8287595785, 105.260496092
90, 14.813208404, 13.729656095, 105.362334212
90, 14.6774293659, 13.6612859014, 105.464397729
90, 14.5566289327, 13.5978710101, 105.561488868
90, 14.425699329, 13.5373973689, 105.664788649
90, 14.3221690291, 13.4657785666, 105.781195563
90, 14.2048980961, 13.4061885812, 105.877549042
90, 14.0829570213, 13.328934019, 105.96957218
90, 13.9718272822, 13.2623166227, 106.055051998
90, 13.8686239776, 13.179074546, 106.14180223
90, 13.765500074, 13.1180254614, 106.220649934
90, 13.6575549106, 13.0689232315, 106.311163601
90, 13.54474836, 13.006957194, 106.397845532
90, 13.4421973385, 12.9534665675, 106.49203384
90, 13.338737048, 12.9084735502, 106.580969734
90, 13.249762735, 12.8404218141, 106.671934193
90, 13.1365327128, 12.8078452269, 106.729007254
90, 13.0342403847, 12.769801927, 106.807691033
90, 12.9318959764, 12.7244067822, 106.892460511
90, 12.833538691, 12.6835426142, 106.979777649
90, 12.7354358302, 12.6379732996, 107.051808824
90, 12.6489921023, 12.586429277, 107.13541717
90, 12.5506553075, 12.5463488732, 107.210679024
90, 12.4521144608, 12.5042467334, 107.282143293
90, 12.37847563, 12.4656570183, 107.341046845
90, 12.2825140335, 12.4251266758, 107.409888321
90, 12.2332094592, 12.3970827728, 107.46508991
90, 12.1589183453, 12.3484168212, 107.530325047
90, 12.0704819097, 12.3071462569, 107.578976485
90, 11.9938873146, 12.2766972736, 107.643029999
90, 11.8476273513, 12.2592085743, 107.741234458
90, 11.7820182617, 12.1953505744, 107.800465859
90, 11.7227561253, 12.1382134807, 107.854847825
90, 11.6537114506, 12.084610156, 107.902194696
90, 11.5899388281, 12.048366611, 107.949725983
90, 11.5242614365, 12.0110473111, 108.010487346
90, 11.4669185834, 11.9774504644, 108.06190501
90, 11.3853277049, 11.9504481653, 108.113951051
90, 11.3366404089, 11.8957135906, 108.147097959
90, 11.2034440361, 11.8382059591, 108.230815588
90, 11.1504315229, 11.8029331547, 108.264385968
90, 11.0806346735, 11.7661995435, 108.307757669
90, 11.0474945957, 11.7286019135, 108.346307257
90, 10.975284982, 11.698832534, 108.378655033
90, 10.923327733, 11.6465482897, 108.418727752
90, 10.8659754883, 11.6160617403, 108.457721302
90, 10.8166888432, 11.5847487381, 108.500362173
90, 10.7706917881, 11.5471801363, 108.540776403
90, 10.714906218, 11.5106480158, 108.57535765
90, 10.668553993, 11.4857681979, 108.606612596
90, 10.6312662828, 11.4614501632, 108.640312749
90, 10.5761184816, 11.4190005375, 108.688520225
90, 10.5408192102, 11.3605921748, 108.716291774
90, 10.4832774278, 11.3361272909, 108.769826797
90, 10.4277385983, 11.3202445398, 108.809230158
90, 10.3924282279, 11.3002457459, 108.841625745
90, 10.331810299, 11.2720729231, 108.875537634
90, 10.2829829841, 11.245862926, 108.921327223
90, 10.2472431655, 11.2311438683, 108.956017753
90, 10.2131767433, 11.2153772304, 109.002449379
90, 10.168620858, 11.2047699466, 109.028349457
90, 10.1419429929, 11.1880957473, 109.041641005
90, 10.1132553446, 11.1793471287, 109.053621157
90, 10.092625612, 11.1667573826, 109.076099309
90, 10.0444224057, 11.1477062774, 109.085258593
90, 10.0113617288, 11.1319157338, 109.1013915
180, 9.99832033633, 11.1336753613, 109.124361426
180, 9.97125656552, 11.1257924692, 109.151176748
180, 9.93807892162, 11.1061565291, 109.175089241
180, 9.89249936175, 11.0961033445, 109.198851469
180, 9.86311503416, 11.0783200932, 109.228310075
180, 9.83830949464, 11.0792370461, 109.245057699
180, 9.81082481342, 11.0589829739, 109.272446757
180, 9.7888606326, 11.0482518929, 109.287889815
180, 9.75227643186, 11.0293937406, 109.300894495
180, 9.74443622847, 10.9953153655, 109.329704233
180, 9.72035981164, 10.9705841043, 109.344314008
180, 9.69406443711, 10.9483492772, 109.354675405
180, 9.66935622779, 10.9150017324, 109.381989331
180, 9.6451654053, 10.8859640369, 109.412868616
180, 9.61809395052, 10.8679024554, 109.431719938
180, 9.60276871357, 10.8565464121, 109.45236077
180, 9.57682253246, 10.8312619056, 109.472120507
180, 9.5655083241, 10.8097254654, 109.493861
180, 9.54137299689, 10.7924826528, 109.509857303
180, 9.50993619747, 10.7739310053, 109.513859793
180, 9.4828613276, 10.7638598913, 109.543256928
180, 9.45431455196, 10.7538109755, 109.565858024
180, 9.41958645512, 10.7547842775, 109.567107948
180, 9.40222752935, 10.7366424413, 109.569088703
180, 9.36866910241, 10.7338412099, 109.589613421
180, 9.34751173768, 10.7062890806, 109.606791347
180, 9.32623569842, 10.6854757866, 109.617699159
180, 9.3056384092, 10.6621959406, 109.630232556
180, 9.29300255924, 10.6497974397, 109.631380028
180, 9.28876784195, 10.6490179444, 109.629836406
180, 9.26703332624, 10.6160904562, 109.654875879
180, 9.25435734891, 10.5960831246, 109.659820936
180, 9.24406169251, 10.5968165161, 109.67405505
180, 9.22808844136, 10.5897805675, 109.68561173
180, 9.13013840603, 10.5949894405, 109.732097998
180, 9.10758597516, 10.5706688444, 109.755703132
180, 9.09758743199, 10.5526320224, 109.76501951
180, 9.08365896872, 10.5478910173, 109.777607548
180, 9.06741421756, 10.5358502476, 109.810098758
180, 9.04786023974, 10.5201408125, 109.812789853
180, 9.03289529526, 10.5333888182, 109.82821242
180, 9.02210103505, 10.5194945059, 109.837166798
180, 9.01411995901, 10.5084552126, 109.852445931
180, 8.99666626436, 10.4886579093, 109.865798951
180, 9.01690155355, 10.4630233556, 109.892791858
180, 9.00165486377, 10.4621217706, 109.907688501
180, 8.97231407865, 10.4541304493, 109.929551936
180, 8.94741803912, 10.4519106378, 109.957938203
180, 8.96503736586, 10.4167991966, 109.977930166
180, 8.96104085142, 10.3898131192, 109.978312657
180, 8.93820582148, 10.3898071428, 109.999301828
180, 8.93669378835, 10.3816800714, 110.005647074
180, 8.91960721637, 10.3513736683, 110.012764131
180, 8.89115350206, 10.3468836727, 110.039948284
180, 8.87122044874, 10.3413392666, 110.048445039
180, 8.85839762235, 10.3446391018, 110.05822587
180, 8.83544733296, 10.3425687007, 110.076599079
180, 8.82274915752, 10.358043348, 110.095026929
180, 8.83728465385, 10.3421938941, 110.11885746
180, 8.83258633748, 10.3334529595, 110.129553536
180, 8.82658857761, 10.3346772709, 110.145105876
180, 8.82660479931, 10.3102627597, 110.158288142
180, 8.83636257831, 10.2952824473, 110.163321991
180, 8.8375553001, 10.2787124084, 110.179652973
180, 8.82474101144, 10.2651613131, 110.187507691
180, 8.8092048924, 10.2524785055, 110.183996974
180, 8.79814340104, 10.2399323018, 110.190820333
180, 8.80002767948, 10.2471492504, 110.193074295
180, 8.78122160737, 10.2514112885, 110.187439389
180, 8.76744170072, 10.2381009573, 110.202602409
270, 8.7706723802, 10.246068373, 110.197513918
270, 8.70484643207, 10.2592352702, 110.237149506
270, 8.62280988372, 10.2612723741, 110.276108905
270, 8.67200005235, 10.2445315804, 110.250420563
270, 8.66649491988, 10.2537719726, 110.266601281
270, 8.65535488134, 10.2565791804, 110.285493585
270, 8.64526071552, 10.2458600522, 110.302227548
270, 8.63272475708, 10.2483112364, 110.321987285
270, 8.55139513331, 10.2418917123, 110.375481327
270, 8.55737667147, 10.2202485504, 110.380119025
270, 8.55267152491, 10.2128164508, 110.387536611
270, 8.63295271464, 10.2253396026, 110.364553024
270, 8.63404042227, 10.2111439082, 110.364792081
270, 8.67630307153, 10.19428444, 110.324842304
270, 8.66441512728, 10.191040954, 110.336194079
270, 8.66365014609, 10.1878222273, 110.338154343
270, 8.6407229086, 10.1799743399, 110.342757891
270, 8.64575931933, 10.1726993347, 110.351056571
270, 8.63454671004, 10.163257452, 110.366540609
270, 8.6287393417, 10.1544089419, 110.36403393
270, 8.63002512481, 10.1454887148, 110.355270797
270, 8.62468733197, 10.1400851814, 110.368931176
270, 8.6274305067, 10.131909445, 110.364921855
270, 8.62931734645, 10.1456970356, 110.368603327
270, 8.61840014284, 10.1490643189, 110.371813515
270, 8.61529838318, 10.1532384182, 110.373172723
270, 8.61336629342, 10.1525827201, 110.39507031
270, 8.63079181354, 10.1472030923, 110.398492234
270, 8.647390027, 10.1532623239, 110.39401163
270, 8.64606753162, 10.1491403047, 110.38931929
270, 8.63571467239, 10.1405863466, 110.391416158
270, 8.63750674327, 10.1232385198, 110.386860422
270, 8.61975337407, 10.1130632455, 110.372735591
270, 8.61688554839, 10.0972880699, 110.398266838
270, 8.62639231794, 10.1069263205, 110.409960122
270, 8.62143445438, 10.0952509659, 110.415936537
270, 8.61733121824, 10.0942366828, 110.423934689
270, 8.61777774185, 10.0728991719, 110.417691896
270, 8.61922232686, 10.0730332143, 110.434712727
270, 8.60349410875, 10.0691545207, 110.440743785
270, 8.59341018821, 10.0829062528, 110.457231861
270, 8.58425602718, 10.0835517057, 110.460831371
270, 8.57321588016, 10.0858628709, 110.467347371
270, 8.57841792299, 10.0841442246, 110.473371598
270, 8.55863769515, 10.0828516113, 110.471103975
270, 8.55782490264, 10.0972505038, 110.480454504
270, 8.55668511482, 10.0773225731, 110.474546391
270, 8.54670876976, 10.0759659268, 110.485276618
270, 8.54618796784, 10.0782753845, 110.491942883
270, 8.53416854245, 10.0824102103, 110.486854392
270, 8.54050525045, 10.0689052188, 110.490822732
270, 8.53142878282, 10.0756986957, 110.488944429
270, 8.5259834145, 10.0801571016, 110.485959637
270, 8.52216619253, 10.0708953651, 110.477189674
270, 8.51560664961, 10.0722699407, 110.487995033
270, 8.50074415797, 10.0713965303, 110.487981373
270, 8.48524389742, 10.0819799084, 110.491737977
270, 8.49025213363, 10.0803620073, 110.498274468
270, 8.48348256239, 10.0808409743, 110.503253676
270, 8.51935556969, 10.0464834153, 110.514448356
270, 8.58767112176, 10.0241802863, 110.476417863
270, 8.58322125352, 10.0358675937, 110.488650731
270, 8.58024755991, 10.0305733434, 110.483575901
270, 8.58029622501, 10.0206465172, 110.48246258
270, 8.58986190494, 10.0096601579, 110.472886655
270, 8.60296306154, 10.0174534037, 110.468064541
270, 8.5963070422, 10.00725337, 110.472299258
270, 8.58851465013, 10.021525904, 110.471090315
270, 8.57772209746, 10.038774693, 110.476595447
270, 8.5774164465, 10.0254276496, 110.484060844

0, 36.6228903484, 23.2228036875, 88.7085161853
0, 36.0221547204, 23.0524877979, 89.137697952
0, 35.4469810753, 22.8792127288, 89.5282140177
0, 34.9394331331, 22.6781746484, 89.8827827979
0, 34.3736749038, 22.5179093821, 90.2800539208
0, 33.8072234103, 22.348368719, 90.6521626268
0, 33.2749467683, 22.1827434618, 91.0314566918
0, 32.7355633144, 22.0133633081, 91.3836553964
0, 32.2043316913, 21.8439746167, 91.7418851579
0, 31.6932218055, 21.6783015482, 92.0920348057
0, 31.1979408832, 21.4872116383, 92.4357709059
0, 30.7178161506, 21.298476436, 92.7695212695
0, 30.2453275694, 21.1315841787, 93.094023557
0, 29.7677334219, 20.9661330914, 93.4201104483
0, 29.3245668429, 20.7924618714, 93.7238079796
0, 28.8667734138, 20.6413490586, 94.0325256999
0, 28.4284682219, 20.4545041112, 94.3393309672
0, 28.0070967765, 20.2948979582, 94.6531781596
0, 27.5787636609, 20.1405681264, 94.9536791623
0, 27.1641284896, 19.9960310783, 95.2513183158
0, 26.7570218943, 19.8562597947, 95.5437050538
0, 26.3609802054, 19.6896031789, 95.814330809
0, 25.9727949417, 19.5473679045, 96.0861586776
0, 25.6047143398, 19.3864674307, 96.3538133006
0, 25.2635395605, 19.2332475046, 96.6296436601
0, 24.9025264969, 19.0733681441, 96.8888766598
0, 24.5501519149, 18.9285954544, 97.1420990931
0, 24.2123529567, 18.7976538978, 97.3873097145
0, 23.872858404, 18.6517132458, 97.6428407517
0, 23.552073447, 18.50464049, 97.8761395232
0, 23.2275626218, 18.3595365362, 98.1238158429
0, 22.9145367597, 18.2015371852, 98.3501478214
0, 22.6128404739, 18.0628740998, 98.5814931588
0, 22.3103057823, 17.950249403, 98.8142181944
0, 22.0119033552, 17.7946047597, 99.0363017953
0, 21.7300777972, 17.664505024, 99.2384822249
0, 21.441328135, 17.5132556074, 99.4418920886
0, 21.1721896534, 17.3699309179, 99.6439768955
0, 20.8989633035, 17.2279107945, 99.835283664
0, 20.6349116053, 17.1201013811, 100.026187451
0, 20.3561340192, 17.0063821465, 100.217658144
0, 20.0892512076, 16.8859761567, 100.40308412
0, 19.8452631901, 16.7653823367, 100.570321302
0, 19.6009848895, 16.6332250065, 100.745215126
0, 19.3686747879, 16.5216675267, 100.921352044
0, 19.1454215172, 16.3996905935, 101.07754481
0, 18.9176671517, 16.26994432, 101.239338331
0, 18.6962494943, 16.1687277467, 101.411431777
0, 18.4874335359, 16.0748553343, 101.573566808
0, 18.2774496152, 15.9672405813, 101.729568328
0, 18.0681145624, 15.8704397252, 101.893103548
0, 17.891144361, 15.7653196988, 102.044023408
0, 17.6949181488, 15.6642414368, 102.198583758
0, 17.4960025496, 15.5623520899, 102.350002222
0, 17.304888734, 15.4662530358, 102.499521893
0, 17.1163089185, 15.3598045376, 102.624609978
0, 16.9399090379, 15.2638164741, 102.761405006
0, 16.7716558655, 15.1736818827, 102.905624451
0, 16.6071678348, 15.0708346017, 103.038335026
0, 16.4355934828, 14.993665417, 103.18182364
0, 16.2672600556, 14.917734204, 103.324820481
0, 16.0950880621, 14.831045443, 103.452722603
0, 15.9303421918, 14.7428301348, 103.582120537
0, 15.7906614082, 14.6470708826, 103.71222881
0, 15.6328464723, 14.5544757156, 103.83894248
0, 15.4876127449, 14.4839574275, 103.982478905
0, 15.3339300735, 14.3943897418, 104.116207179
0, 15.1792314114, 14.3077658677, 104.235592056
0, 15.0321535329, 14.2365500465, 104.365775461
0, 14.911201128, 14.1456521815, 104.495514905
0, 14.7778263165, 14.0569032647, 104.59608261
0, 14.6356900799, 13.9757503721, 104.711601599
0, 14.4966786548, 13.9022592442, 104.823971872
0, 14.3772715802, 13.802347237, 104.930987275
0, 14.2393401788, 13.7333025622, 105.054968869
0, 14.1500644837, 13.6667389537, 105.185978728
0, 14.0262587673, 13.5866225423, 105.300179491
0, 13.9010511545, 13.4909341533, 105.39764629
0, 13.7709061687, 13.4199872709, 105.49368558
0, 13.6627441468, 13.3494510535, 105.581583284
90, 13.5650254841, 13.3068784844, 105.679425744
90, 13.446449985, 13.2454400791, 105.773320355
90, 13.3399400151, 13.1714716917, 105.855398738
90, 13.2199378603, 13.0984791676, 105.947592631
90, 13.1194666313, 13.001918222, 106.024514222
90, 13.0108290575, 12.9162198384, 106.102624265
90, 12.922403721, 12.8318260211, 106.173822157
90, 12.8337999457, 12.7687543467, 106.25443888
90, 12.7505032275, 12.7181400836, 106.321210809
90, 12.6623160938, 12.6594346077, 106.391677871
90, 12.5592903741, 12.6201635813, 106.468333084
90, 12.4721064245, 12.5619985441, 106.546846109
90, 12.3742870165, 12.5130773142, 106.62524985
90, 12.2892870198, 12.4826787035, 106.696331629
90, 12.2200109724, 12.4526805127, 106.768369634
90, 12.1497377173, 12.4081545095, 106.824643562
90, 12.0693540748, 12.3794429555, 106.900137643
90, 11.9962608054, 12.316571918, 106.961663987
90, 11.9173405308, 12.2686393579, 107.0310792
90, 11.8461452002, 12.2144409531, 107.098329242
90, 11.7774147142, 12.1632657608, 107.165463172
90, 11.7084767611, 12.1138228751, 107.221675629
90, 11.657074465, 12.0536480548, 107.265361519
90, 11.563743345, 12.0134780047, 107.310877899
90, 11.4946687882, 11.9751845491, 107.360936356
90, 11.4324355196, 11.9280323382, 107.418637794
90, 11.3584423727, 11.880500198, 107.473695949
90, 11.274540329, 11.8357385533, 107.524116405
90, 11.2101939706, 11.805976004, 107.581489994
90, 11.143358862, 11.758110892, 107.628310941
90, 11.0915629762, 11.7303666636, 107.679428077
90, 11.0383233592, 11.6925316845, 107.71926857
90, 10.9721200431, 11.635257987, 107.764211215
90, 10.9173837609, 11.5859132853, 107.795957934
90, 10.8650593892, 11.5588887881, 107.857388656
90, 10.8160391215, 11.5430862917, 107.921647075
90, 10.7582565749, 11.500319916, 107.956959153
90, 10.7147303406, 11.46973006, 108.004989043
90, 10.6632443747, 11.430861161, 108.045574028
90, 10.5945497471, 11.4020539844, 108.075333162
90, 10.55340298, 11.3546285659, 108.121293505
90, 10.5032378019, 11.3236519504, 108.161782866
90, 10.4511900528, 11.3139462516, 108.201753133
90, 10.4117533943, 11.3198432662, 108.266086685
90, 10.3907129966, 11.2737207063, 108.316923783
90, 10.3409840968, 11.2544698181, 108.371578957
90, 10.2919954188, 11.233634326, 108.407690167
90, 10.2554137793, 11.2060531684, 108.45872534
90, 10.1549946306, 11.1847276103, 108.538187761
90, 10.1908326332, 11.1666395618, 108.544751573
90, 10.1465491017, 11.1389585126, 108.581299915
90, 10.1054330704, 11.1176577139, 108.619835842
90, 10.0697658226, 11.1068856518, 108.654102901
90, 10.0334249473, 11.0883937684, 108.687932828
90, 9.99972564775, 11.0655638611, 108.725594491
90, 9.95599365404, 11.0484320391, 108.746064568
90, 9.91866923155, 11.0169423057, 108.789969024
90, 9.88782153594, 10.9934473088, 108.814783102
90, 9.85121684463, 10.9843981619, 108.8493985
90, 9.82792077692, 10.9740999442, 108.880544163
90, 9.78594414183, 10.9588686223, 108.909442693
90, 9.75158487521, 10.9527052304, 108.932002808
90, 9.71413836308, 10.9340690592, 108.949576885
90, 9.68684663471, 10.9150094163, 108.982430095
90, 9.67112439301, 10.8998805473, 109.016943041
90, 9.63699137641, 10.8771744372, 109.036170023
90, 9.61688073817, 10.8675148422, 109.048928817
90, 9.5937648167, 10.8426273404, 109.049243005
90, 9.59515049132, 10.8064350218, 109.067493271
90, 9.49585917759, 10.7840439541, 109.132728408
90, 9.47949233679, 10.7745371846, 109.159393466
90, 9.37483590946, 10.7790434019, 109.199391054
90, 9.35538950712, 10.7923469028, 109.227975395
90, 9.40619586926, 10.7855132986, 109.211733206
90, 9.47531140724, 10.7814314068, 109.19635162
90, 9.45853731641, 10.7686461464, 109.186803015
90, 9.43469824866, 10.7769098215, 109.203318413
90, 9.41044083183, 10.761654594, 109.205189884
90, 9.3917261135, 10.7348700072, 109.224806188
90, 9.37466771605, 10.7299608087, 109.240980076
180, 9.3802770089, 10.7143239444, 109.253547624
180, 9.35552098826, 10.7308470258, 109.283996607
180, 9.33661246331, 10.718444256, 109.314561704
180, 9.32292732554, 10.733690092, 109.343337291
180, 9.31217575401, 10.7354411817, 109.355290122
180, 9.29742937559, 10.7002657075, 109.359326763
180, 9.27375593993, 10.7037926465, 109.374114123
180, 9.26431917982, 10.6892212916, 109.374558085
180, 9.23579289475, 10.6677215637, 109.387644728
180, 9.21184795907, 10.675659951, 109.397090879
180, 9.17841247553, 10.6683303043, 109.403770804
180, 9.16207551681, 10.6656298182, 109.397022577
180, 9.15782799292, 10.6483289491, 109.405929144
180, 9.14311918054, 10.6327544102, 109.416775485
180, 9.12889445782, 10.641656708, 109.440250845
180, 9.10846706956, 10.6186432394, 109.432280014
180, 9.10082152656, 10.6007566815, 109.441282203
180, 9.08065795436, 10.6089409557, 109.4549016
180, 9.08004835997, 10.6174786921, 109.456206167
180, 9.0340410595, 10.623729169, 109.45415028
180, 9.02690436559, 10.6147841825, 109.463978922
180, 9.01352487878, 10.5970948463, 109.481375414
180, 9.01000391626, 10.602527408, 109.496299377
180, 9.02034311512, 10.5897250722, 109.505704548
180, 9.00575126973, 10.583019534, 109.5216667
180, 8.97581540437, 10.5691047311, 109.514235454
180, 8.96895447935, 10.545946121, 109.528087077
180, 8.96682943674, 10.5088744155, 109.53648138
180, 8.96209953074, 10.4949698579, 109.546699343
180, 8.97023940869, 10.4785526444, 109.560503155
180, 8.95959285132, 10.4803523993, 109.565639457
180, 8.95069652992, 10.4586008081, 109.55996357
180, 8.93305927394, 10.4586306902, 109.559922589
180, 8.93271947203, 10.4411812644, 109.578084062
180, 8.92098776836, 10.4326008392, 109.585658742
180, 8.91100459311, 10.4327400043, 109.593615912
180, 8.89538992689, 10.4150267625, 109.585440176
180, 8.87603487833, 10.4190352298, 109.599537686
180, 8.86673045314, 10.4154101069, 109.621756292
180, 8.85312898518, 10.4119147576, 109.631591764
180, 8.84673507434, 10.3986761434, 109.643503614
180, 8.83604497452, 10.4001582944, 109.63939184
180, 8.83209883272, 10.3852958028, 109.646529388
180, 8.81930161954, 10.3860146802, 109.661453351
180, 8.81702887409, 10.3853564207, 109.674451201
180, 8.80070301443, 10.3919765816, 109.69897841
180, 8.78779224935, 10.3820224347, 109.707659581
180, 8.77563195131, 10.3707022499, 109.694142637
180, 8.77655744194, 10.3846290056, 109.705719807
180, 8.77119318212, 10.3866601331, 109.718485431
180, 8.76789505453, 10.3738962171, 109.730445092
180, 8.77277863978, 10.3796549203, 109.744023508
180, 8.77463388992, 10.3661046788, 109.754063886
180, 8.76820668191, 10.3663070231, 109.764555057
180, 8.75078116179, 10.3628492399, 109.759220679
180, 8.76177264371, 10.3674237591, 109.767020755
180, 8.74217597721, 10.3566542583, 109.783502001
180, 8.74127695356, 10.3539059609, 109.793719964
180, 8.73904689679, 10.3451180688, 109.792620304
180, 8.72767890069, 10.3195919443, 109.790420983
180, 8.71274725339, 10.3125124532, 109.787750379
180, 8.67880633586, 10.3226518691, 109.787395209
180, 8.68777949688, 10.3109722456, 109.787839172
180, 8.67262586843, 10.3016908723, 109.801602003
180, 8.66688253312, 10.3037074856, 109.818861891
180, 8.65676958428, 10.3010215137, 109.819763476
180, 8.65897146651, 10.2933230368, 109.841346874
180, 8.65948629202, 10.2990142919, 109.843238836
180, 8.65406226804, 10.2885794704, 109.846503666
180, 8.64545110705, 10.28879206, 109.845677213
180, 8.64439498905, 10.2873705269, 109.834933326
180, 8.63163619568, 10.2820993284, 109.844939553
180, 8.62528070466, 10.2793561537, 109.83434593
180, 8.62477783198, 10.2491206138, 109.846414874
180, 8.61576198227, 10.2490514581, 109.856878724
180, 8.60573270325, 10.2423536039, 109.867977781
180, 8.60347532573, 10.2490241374, 109.879001706
180, 8.60192572656, 10.264859931, 109.886760801
180, 8.58693004624, 10.2600361099, 109.904444161
180, 8.59088216445, 10.2448457691, 109.894444764
270, 8.61281219433, 10.268371502, 109.869453102
270, 8.61741744937, 10.292266065, 109.86975363
270, 8.60129137274, 10.2775000498, 109.893973481
270, 8.60262496718, 10.2821181114, 109.902012614
270, 8.59168300413, 10.2684952991, 109.899458123
270, 8.58125074394, 10.2842551069, 109.914607483
270, 8.5700398422, 10.3212841237, 109.916642879
270, 8.56175226141, 10.2965870134, 109.910283973
270, 8.56539872865, 10.2826944087, 109.915754954
270, 8.55828679418, 10.2933059613, 109.926362238
270, 8.55565204871, 10.3011683628, 109.932065446
270, 8.54950573223, 10.3167770526, 109.934804352
270, 8.53413183018, 10.310706722, 109.936293333
270, 8.53247807063, 10.3080216039, 109.953997184
270, 8.52022812635, 10.3056737263, 109.952405749
270, 8.52355613603, 10.301853943, 109.959734542
270, 8.53130157054, 10.304622731, 109.955397372
270, 8.54135475523, 10.2984183579, 109.95711175
270, 8.55007946812, 10.2882046638, 109.963443335
270, 8.54393144409, 10.2950348529, 109.966667184
270, 8.54914629352, 10.307937934, 109.9722816
270, 8.55133195406, 10.3030953299, 109.965519713
270, 8.55467020902, 10.2843609748, 109.964310769
270, 8.55455068071, 10.2745733137, 109.960711259
270, 8.56331210586, 10.2697725445, 109.961011788
270, 8.55998836506, 10.279411649, 109.960349259
270, 8.55435516654, 10.2800314886, 109.971045336
270, 8.56102655381, 10.2914327819, 109.969344619
270, 8.55432955333, 10.2684927378, 109.983722167
270, 8.5469409962, 10.2725635306, 109.984220771
270, 8.54828483592, 10.2832869276, 109.969863713
270, 8.56584610605, 10.2860864513, 109.968770883
270, 8.57428565854, 10.2837240597, 109.966223222
270, 8.57293242731, 10.2783529697, 109.959474995
270, 8.56999715351, 10.261216025, 109.965150882
270, 8.56988189407, 10.2591763598, 109.953717146
270, 8.49292700647, 10.2799486726, 110.000831791
270, 8.49708829922, 10.2874123618, 110.007402433
270, 8.48349707654, 10.2848834843, 110.008843603
270, 8.47879619885, 10.2625982846, 110.007238508
270, 8.40543399075, 10.2508008403, 110.048021568
270, 8.40474158032, 10.2436060898, 110.046928737
270, 8.33132302316, 10.2471483967, 110.079638513
270, 8.35027082169, 10.231146971, 110.073525494
270, 8.34509097698, 10.2237900035, 110.060609606
270, 8.35134486893, 10.2321305182, 110.047782511
270, 8.28458403867, 10.2484760147, 110.06942738
270, 8.29420777521, 10.239128047, 110.069079041
270, 8.29603997345, 10.2369201884, 110.063457795
270, 8.30868009228, 10.2376680941, 110.071906739
270, 8.31604388998, 10.2238028101, 110.075110098
270, 8.24641864913, 10.2113317384, 110.114738855
270, 8.24837208323, 10.2042684691, 110.107970138
270, 8.26038638598, 10.2099836298, 110.076435155
270, 8.26873287715, 10.1842039346, 110.06039787
270, 8.36922801173, 10.1891191095, 110.010025225
270, 8.45399578197, 10.1846009393, 109.97299877
270, 8.45756967845, 10.1720461979, 109.978565374
270, 8.46843053301, 10.2044955728, 109.98709628
270, 8.45262889036, 10.1922345295, 109.987902243
270, 8.45894254648, 10.1850517318, 109.992915601
270, 8.45874532476, 10.1822633071, 109.999438432
270, 8.44607190876, 10.198580629, 110.007750772
270, 8.51622905059, 10.2150277245, 109.985723412
270, 8.45225493751, 10.2253319187, 110.052898323
270, 8.529278127, 10.2309369427, 110.011568848
270, 8.51582436188, 10.2190677814, 110.015646471
270, 8.51817650828, 10.2301898907, 110.022203453
270, 8.51574069207, 10.2320280654, 110.027708585
270, 8.50895489913, 10.2265963574, 110.033015642
270, 8.49947203524, 10.2182507201, 110.038097303
270, 8.49258378946, 10.2094448987, 110.051108813
270, 8.50298531379, 10.2130213565, 110.058171229
270, 8.50097809195, 10.1959074637, 110.071626701
270, 8.48574847765, 10.2052784833, 110.08202908
270, 8.47252096255, 10.1885376896, 110.07339572
270, 8.4703131039, 10.1911707275, 110.079699985
270, 8.47106271716, 10.1763526321, 110.090983458
270, 8.48157779339, 10.1870256565, 110.095347948
270, 8.48694632207, 10.1769775945, 110.099541685

0, 36.9344255218, 24.0621588044, 88.7077443739
0, 36.3430814038, 23.8622169693, 89.1001728927
0, 35.7543156823, 23.6639451154, 89.502477865
0, 35.1815496788, 23.4887541783, 89.8927890251
0, 34.6196231856, 23.3098356654, 90.2817614681
0, 34.0462185595, 23.1418147194, 90.6605637595
0, 33.4950154633, 22.9580843383, 91.0285197105
0, 32.9432454614, 22.7479330779, 91.3722831314
0, 32.4167744802, 22.5688574707, 91.7235939113
0, 31.9051011038, 22.3560902479, 92.0420105003
0, 31.392836916, 22.1673260173, 92.3530299943
0, 30.9061381263, 21.9791884566, 92.6751007344
0, 30.4404250929, 21.7933219338, 92.9916936628
0, 29.9688312665, 21.6291822428, 93.301633987
0, 29.5267370272, 21.4518295508, 93.5936860457
0, 29.0798821461, 21.2824442745, 93.9050675398
0, 28.6348492179, 21.1136720076, 94.2030618631
0, 28.2025204415, 20.9436515237, 94.495264186
0, 27.784374553, 20.7655253128, 94.7750082438
0, 27.3710576082, 20.5890315171, 95.0589460378
0, 26.9759840987, 20.4140779291, 95.3429179827
0, 26.589642986, 20.2601459557, 95.6032301524
0, 26.2147304874, 20.1017419161, 95.8691635677
0, 25.8412284228, 19.9184589123, 96.1253366427
0, 25.4779426137, 19.7590798631, 96.3868577558
0, 25.1282830319, 19.6153368245, 96.6460907556
0, 24.7604005055, 19.4652041439, 96.9011914909
0, 24.4028486402, 19.3236279828, 97.134114602
0, 24.0641241913, 19.1831173312, 97.3880337146
0, 23.7262364406, 19.0463001044, 97.6351021474
0, 23.4128741917, 18.9041946036, 97.8731069192
0, 23.0927807914, 18.7418785731, 98.1174842576
0, 22.8005904213, 18.5973244495, 98.3367948016
0, 22.5152558536, 18.4484348633, 98.5623071574
0, 22.2060992937, 18.3048472115, 98.7876965699
0, 21.9238212357, 18.1669559374, 99.0054430006
0, 21.6401617719, 18.045877174, 99.2039009771
0, 21.3685131958, 17.8993832767, 99.4085197843
0, 21.0928331005, 17.7713906543, 99.6186983654
0, 20.8309892609, 17.624790889, 99.8337605318
0, 20.5818495732, 17.5025356255, 100.019241149
0, 20.3405731408, 17.3865863342, 100.229843202
0, 20.105133105, 17.2619473347, 100.413486498
0, 19.8568950022, 17.1414901185, 100.607962474
0, 19.6184906644, 17.0222589212, 100.802479432
0, 19.3771920338, 16.902378856, 100.989981785
0, 19.1470334418, 16.7869930552, 101.172320515
0, 18.9008922071, 16.6553923854, 101.344338829
0, 18.7090543915, 16.5523248308, 101.518454011
0, 18.4989697254, 16.4334283129, 101.6780004
0, 18.2935876446, 16.3206618897, 101.840265204
0, 18.0968491682, 16.2157826274, 102.004654197
0, 17.9004334183, 16.091690043, 102.156899114
0, 17.7246602075, 15.9797756859, 102.305933842
0, 17.5426561567, 15.8761634238, 102.466340834
0, 17.3638588797, 15.7534198017, 102.594167824
0, 17.1737695925, 15.6520700397, 102.740730024
0, 16.9922880511, 15.5505597683, 102.889976487
0, 16.8312697565, 15.4378411564, 103.025869931
0, 16.640879941, 15.3379257341, 103.151313185
0, 16.5410242829, 15.2384457364, 103.251635004
0, 16.3200335123, 15.1836402985, 103.414842374
0, 16.0721283812, 15.1128795387, 103.580522273
0, 15.9155514172, 15.0163860412, 103.72304783
0, 15.7541864905, 14.9091725618, 103.835636668
0, 15.6107849613, 14.8196014611, 103.950930262
0, 15.469077319, 14.7644972024, 104.085068347
0, 15.3333819508, 14.6755254507, 104.205805601
0, 15.1890463933, 14.6025414643, 104.327861081
0, 15.0431381847, 14.5108905709, 104.440408938
0, 14.8997247027, 14.4259008196, 104.54158453
0, 14.77587459, 14.3421507475, 104.647069972
0, 14.6391085896, 14.2679373271, 104.760895075
0, 14.5317414309, 14.1930221047, 104.867944629
0, 14.4074593088, 14.1204479297, 104.966155919
0, 14.2791618892, 14.0236769558, 105.074919852
0, 14.164068079, 13.9505034316, 105.163924047
0, 14.05357184, 13.8842130306, 105.267544847
0, 13.9258131516, 13.8251677528, 105.368358439
0, 13.8189138609, 13.7574797244, 105.476760371
0, 13.7178612121, 13.7073538198, 105.571358491
0, 13.6007046848, 13.6397844659, 105.659174233
0, 13.4829462471, 13.5905772218, 105.761900279
0, 13.4565654952, 13.5131314144, 105.815291867
0, 13.356796922, 13.4444743528, 105.906481723
0, 13.2512807446, 13.4027717791, 105.998771239
0, 13.1438828501, 13.3301002738, 106.101046492
0, 13.0812568456, 13.2649035569, 106.190064347
0, 12.9805713195, 13.2062313781, 106.268263183
0, 12.8905776008, 13.1438640671, 106.34398949
90, 12.8135544113, 13.1010806159, 106.41440191
90, 12.7254526549, 13.0498490745, 106.496323199
90, 12.635976323, 12.9936084431, 106.570519544
90, 12.532027674, 12.9597383887, 106.643786983
90, 12.4515603617, 12.8995721061, 106.723263065
90, 12.3690124029, 12.8511981451, 106.788668956
90, 12.2964245675, 12.7881879425, 106.869244698
90, 12.2410496626, 12.7705754459, 106.911646512
90, 12.1715763934, 12.7149956353, 106.977305121
90, 12.0816501228, 12.671288401, 107.041385955
90, 12.005401306, 12.6270134073, 107.098629771
90, 11.9344578387, 12.576200215, 107.168331851
90, 11.8695727491, 12.5165120456, 107.242220838
90, 11.7935185927, 12.4662427071, 107.311765824
90, 11.7051718033, 12.4244496333, 107.395585905
90, 11.6409961996, 12.3966499096, 107.461408438
90, 11.5799932188, 12.3755275496, 107.531260783
90, 11.5230396865, 12.3300393435, 107.597547769
90, 11.4652511634, 12.2953906476, 107.659183396
90, 11.3895598608, 12.2456839459, 107.687542341
90, 11.3273470828, 12.2139414955, 107.745284761
90, 11.2782107019, 12.1789982477, 107.780685631
90, 11.227233585, 12.1429869291, 107.831966691
90, 11.1623143445, 12.0938189586, 107.865905901
90, 11.0943181038, 12.0546905124, 107.927029264
90, 11.0318252879, 12.0200716986, 107.969676965
90, 10.9738395432, 11.9929456023, 108.024789762
90, 10.9167801429, 11.9726061527, 108.083993842
90, 10.8707105169, 11.9227841916, 108.12328792
90, 10.8131465364, 11.9150370495, 108.174084037
90, 10.777639798, 11.8643126497, 108.229210494
90, 10.7324290683, 11.8311674492, 108.288346271
90, 10.6960813629, 11.7843687005, 108.328787821
90, 10.654138025, 11.7470852592, 108.38325858
90, 10.6015677665, 11.7163366013, 108.415572205
90, 10.6252625465, 11.6481986341, 108.413413865
90, 10.507288104, 11.6242801654, 108.478833417
90, 10.4781342953, 11.591662597, 108.535360063
90, 10.4428000192, 11.5640310668, 108.570071084
90, 10.4041018749, 11.5343120599, 108.585582444
90, 10.3650280702, 11.5088687515, 108.626440635
90, 10.2605492278, 11.4824290892, 108.70497415
90, 10.3089061134, 11.4514038087, 108.702542603
90, 10.2766906724, 11.419869679, 108.743872078
90, 10.2362679053, 11.4008996824, 108.767135702
90, 10.1196543781, 11.3821832565, 108.830690612
90, 10.0906807156, 11.3384632156, 108.864513709
90, 10.0692731952, 11.3016049536, 108.896403862
90, 10.0297349376, 11.2800753435, 108.917577449
90, 9.98978686874, 11.2594823232, 108.930534318
90, 9.96655398027, 11.2383480103, 108.950287225
90, 9.87348326132, 11.2226086932, 109.014108512
90, 9.83886273997, 11.205967791, 109.041811759
90, 9.81227878994, 11.1633209436, 109.04037742
90, 9.78462847664, 11.116857728, 109.06889346
90, 9.75771155489, 11.0881700797, 109.083373461
90, 9.72346327885, 11.0876919665, 109.090866178
90, 9.67780004915, 11.0754010411, 109.118706029
90, 9.64513637699, 11.0608510306, 109.144995427
90, 9.62552007369, 11.0407506376, 109.169884637
90, 9.59410888748, 10.9999837998, 109.189548751
90, 9.57061815937, 11.0058270266, 109.22272981
90, 9.55281612507, 11.0022898424, 109.243944378
90, 9.52624412788, 10.9856139356, 109.275329097
90, 9.49254312074, 10.963558401, 109.291953777
90, 9.45503599069, 10.936812234, 109.306160571
90, 9.41728809647, 10.9440419892, 109.331630346
90, 9.47785138384, 10.9233832283, 109.308455514
90, 9.52885326015, 10.8921094996, 109.283668758
90, 9.50129686194, 10.8563978555, 109.299651401
90, 9.48518273814, 10.8426802744, 109.3202171
90, 9.48165323789, 10.8222699616, 109.359729745
90, 9.43323658818, 10.8235164711, 109.363704915
90, 9.35218614839, 10.8507586806, 109.418701598
90, 9.40988587896, 10.8279518252, 109.399857106
90, 9.31680576849, 10.8173983291, 109.460734582
90, 9.29787333789, 10.8070147341, 109.489455527
90, 9.2901270496, 10.7952411955, 109.508716661
90, 9.20124835925, 10.7802412463, 109.568508137
90, 9.17963337185, 10.7770182508, 109.603362592
90, 9.24959073065, 10.7753209488, 109.585078176
90, 9.25930069832, 10.7659473679, 109.616374103
90, 9.27038780289, 10.7690653493, 109.640245614
90, 9.26269359479, 10.7710418352, 109.671835239
90, 9.23646652216, 10.7493739139, 109.692858561
90, 9.22013297853, 10.736839663, 109.720548148
90, 9.22855033291, 10.7240825772, 109.74552615
90, 9.21264026101, 10.7095547648, 109.768789774
90, 9.19543757581, 10.6760569558, 109.790427813
90, 9.18902146686, 10.6709624884, 109.825200306
180, 9.18134945687, 10.6838741073, 109.83147042
180, 9.15558256823, 10.6963468865, 109.851920006
180, 9.04785853219, 10.6909979946, 109.885688462
180, 8.97836221116, 10.6838083667, 109.931621484
180, 8.97337873438, 10.6860759895, 109.941306692
180, 9.04338475828, 10.6913403578, 109.912606237
180, 8.94305952466, 10.6975472922, 109.967876128
180, 8.93805128845, 10.6806058618, 109.989288771
180, 8.92356274967, 10.664763238, 109.999021791
180, 8.98743355615, 10.6587936527, 109.970703826
180, 8.97662734311, 10.6493688454, 109.988803828
180, 8.97147311161, 10.6360696133, 110.002464206
180, 8.95964749283, 10.6163704939, 110.008126433
180, 9.02611547874, 10.6043237478, 109.98095594
180, 9.00985279833, 10.591261011, 109.993175149
180, 9.07941059106, 10.5805461518, 109.951975448
180, 9.07770133622, 10.5608513013, 109.961722127
180, 9.06789574589, 10.5935038744, 109.963771184
180, 9.05999492457, 10.605560012, 109.968381562
180, 9.1257884293, 10.5885536948, 109.940664654
180, 9.1257850142, 10.589031808, 109.941511598
180, 9.12444885845, 10.5983157426, 109.946176617
180, 9.10422722963, 10.5851138408, 109.939633296
180, 9.10510490894, 10.582306633, 109.926929144
180, 9.09228891274, 10.5588782304, 109.934496993
180, 9.08289911018, 10.5526140931, 109.948266655
180, 9.10596892787, 10.5231042608, 109.961687977
180, 9.0881370115, 10.5273825206, 109.964679599
180, 9.07516392094, 10.5071839436, 109.96722043
180, 9.07528344925, 10.4854613808, 109.966298354
180, 9.07607745874, 10.4806051163, 109.96146941
180, 9.0631948682, 10.4727384459, 109.958245561
180, 9.06880074596, 10.4581602609, 109.963416014
180, 9.06672436845, 10.4520446803, 109.960308278
180, 9.0658740099, 10.4406126511, 109.948915523
180, 9.06619588256, 10.4587032609, 109.9524399
180, 9.04360503188, 10.4634271905, 109.957965523
180, 9.03508010203, 10.4611783507, 109.969283147
180, 9.02334498326, 10.4621900725, 109.978845412
180, 9.02941360633, 10.4502295575, 109.978886393
180, 9.02804244586, 10.4497693735, 109.979104959
180, 9.02432426163, 10.4494312791, 109.981700431
180, 8.99770786821, 10.4437955193, 109.976584619
180, 8.98706045707, 10.448775581, 109.980641751
180, 8.97610312609, 10.4357179668, 109.980313902
180, 8.96910559728, 10.4331344478, 109.977581827
180, 8.9433463926, 10.4134395973, 109.975935751
180, 8.91690331523, 10.4184538099, 109.979979223
180, 8.9089282156, 10.4100057197, 109.985812205
180, 8.90848254576, 10.4032318796, 109.992970243
180, 8.89673718171, 10.3918485156, 109.997785526
180, 8.90357420107, 10.4022064974, 109.994288469
180, 8.90087029993, 10.3991499878, 109.992355526
180, 8.87831530774, 10.3795473449, 110.002648621
180, 8.87308167529, 10.3828727932, 110.00404198
180, 8.87558408585, 10.3699671508, 110.010489678
180, 8.86495545773, 10.3556835177, 110.022497151
180, 8.85092795672, 10.3517886023, 110.014642433
180, 8.85001527269, 10.3433942998, 110.011766924
180, 8.84221348911, 10.3461383283, 110.010400886
180, 8.84811135746, 10.3594324377, 110.01849466
180, 8.83530987541, 10.3769006466, 110.017504282
180, 8.82784618619, 10.3823110101, 110.033705491
180, 8.81569015702, 10.3843703122, 110.030447491
180, 8.81265584548, 10.3788967693, 110.031929642
180, 8.80822476025, 10.3769920003, 110.040965982
180, 8.80038711818, 10.3767170852, 110.054380474
180, 8.79238299025, 10.3683654714, 110.054421455
180, 8.80033418421, 10.3752067596, 110.062583531
180, 8.81980961486, 10.3735991039, 110.066818248
180, 8.8214087329, 10.368321929, 110.063075305
180, 8.80664784033, 10.3666929288, 110.067733494
180, 8.81144092558, 10.3598166359, 110.07769874
180, 8.80287586836, 10.3559072064, 110.076701532
180, 8.81007744907, 10.3497711352, 110.09360625
180, 8.80373732597, 10.3345176152, 110.098687911
180, 8.7982936652, 10.3368151201, 110.112956176
180, 8.79890069826, 10.3382229928, 110.09865376
180, 8.77844172038, 10.3394302288, 110.089139306
180, 8.76055430871, 10.358032249, 110.085635419
180, 8.74084579786, 10.3641196551, 110.071292022
180, 8.74474668965, 10.3697152875, 110.060705229
180, 8.74537335951, 10.3723858915, 110.067405644
180, 8.75155724203, 10.379524293, 110.060042701
180, 8.74278215649, 10.3783085193, 110.067364663
180, 8.75525322815, 10.3822708828, 110.065588814
180, 8.75586026121, 10.379984477, 110.061593154
180, 8.75483744038, 10.3680401837, 110.062631342
180, 8.7554231291, 10.3554299469, 110.058253191
180, 8.75039867119, 10.3362234549, 110.049934021
270, 8.8996143989, 10.3721826934, 109.958184089
270, 8.89772585159, 10.3655881457, 109.97338126
270, 8.88149561457, 10.3464115359, 109.964126354
270, 8.87612623211, 10.3315097706, 109.966079788
270, 8.86731272676, 10.3216845435, 109.965260165
270, 8.85871949501, 10.3277574355, 109.968955298
270, 8.86179564146, 10.3149550996, 109.958088467
270, 8.86324620289, 10.3081616227, 109.959556957
270, 8.85099028219, 10.304516863, 109.959447674
270, 8.83740845103, 10.2984268956, 109.968518166
270, 8.83927138513, 10.2779423045, 109.969938845
270, 8.8206215536, 10.2553975576, 109.974788279
270, 8.82018527526, 10.2378499479, 109.976099676
270, 8.81003646793, 10.23314224, 109.966004656
270, 8.81575248249, 10.2080336108, 109.958498278
270, 8.80784483098, 10.2102175638, 109.959147146
270, 8.80415225996, 10.1998057942, 109.95569107
270, 8.86052522628, 10.2108297195, 109.910092728
270, 8.85005540005, 10.2118559554, 109.90583752
270, 8.92573218851, 10.2081181344, 109.869658008
270, 8.99940090135, 10.2050889455, 109.841032685
270, 8.98411579176, 10.2276149094, 109.846824685
270, 8.99442766986, 10.2368254195, 109.843675968
270, 8.98709802311, 10.2289143529, 109.842023062
270, 8.96656305937, 10.2303572304, 109.845636232
270, 8.89440552588, 10.2454306041, 109.890947707
270, 8.89186640306, 10.2623105628, 109.893509028
270, 8.90158832357, 10.2521643168, 109.897033406
270, 8.8213634829, 10.2679608368, 109.946094655
270, 8.82933687498, 10.2555623359, 109.953471259
270, 8.81132481236, 10.2658195725, 109.960130693
270, 8.89192189834, 10.2524938735, 109.927284314
270, 8.81804486473, 10.2562914586, 109.969863713
270, 8.72780867429, 10.2782530781, 109.997355224
270, 8.79361413184, 10.2639720064, 109.967459486
270, 8.72152148516, 10.2823221633, 110.007470735
270, 8.71882441421, 10.2849193428, 110.002491527
270, 8.73457653798, 10.3013621694, 109.991672507
270, 8.74828899651, 10.2917085508, 109.989760054
270, 8.73857817506, 10.2920833574, 109.989302431
270, 8.73871734016, 10.2945131972, 110.001706055
270, 8.74125475544, 10.2928363858, 110.004595225
270, 8.73356566998, 10.2844890409, 110.009601754
270, 8.73165663211, 10.2685875067, 110.020072434
270, 8.72880844323, 10.26997062, 110.023999792
270, 8.72513209391, 10.2692739407, 110.044613303
270, 8.72718371198, 10.2593684589, 110.041505567
270, 8.73406939643, 10.2409508538, 110.042810133
270, 8.72419208912, 10.2488465524, 110.037878737
270, 8.7310188632, 10.2413965236, 110.030099151
270, 8.73429052381, 10.2137265735, 110.020004132
270, 8.74341736409, 10.2122785734, 110.032537529
270, 8.75061296838, 10.2159207718, 110.040638133
270, 8.75503295454, 10.2251048149, 110.042584737
270, 8.75129086465, 10.2318086456, 110.062166889
270, 8.75360715256, 10.2504576233, 110.080895268
270, 8.7442105198, 10.2471424202, 110.088702174
270, 8.729016764, 10.2430690662, 110.102403534
270, 8.79410334414, 10.2307217917, 110.055220587
270, 8.80066971726, 10.229404419, 110.048424549
270, 8.79186389587, 10.2116612951, 110.064495984
270, 8.78574916902, 10.2231898006, 110.088736325
270, 8.7846221878, 10.227310966, 110.10261527
270, 8.77881738078, 10.2348105137, 110.123085347
270, 8.78176204609, 10.2359724996, 110.135427498
270, 8.77955931008, 10.2454425569, 110.155487764
270, 8.77456729557, 10.2531666471, 110.171265501
270, 8.77772881938, 10.2633427752, 110.167194708
270, 8.76349385138, 10.2332464004, 110.175459237
270, 8.77449643236, 10.2353654666, 110.172904746
270, 8.76936696029, 10.2369398252, 110.182016219
270, 8.77786456939, 10.2481652411, 110.180424785
270, 8.76999277637, 10.2371088724, 110.190328559
270, 8.75959722846, 10.2444077833, 110.185595238
270, 8.75669866693, 10.2368168818, 110.202793654
270, 8.75285497797, 10.2257195319, 110.207738711
270, 8.7330534058, 10.2427019435, 110.216747731
270, 8.72208326821, 10.2453785239, 110.213359957
270, 8.7118755505, 10.2561548549, 110.227232071
270, 8.71326378645, 10.2544157179, 110.224479505
270, 8.71444967804, 10.2610247797, 110.234663317
270, 8.71098933346, 10.2761835308, 110.245140827
270, 8.70457920092, 10.2860599844, 110.25897196
270, 8.69518683704, 10.2770415733, 110.271655621
270, 8.75957844544, 10.2644586573, 110.242224336
270, 8.68169635965, 10.2676031057, 110.289530226
270, 8.67430865629, 10.2574449068, 110.312315738
270, 8.67540490165, 10.2703804314, 110.317984795
270, 8.67141607118, 10.2633683884, 110.328141286
270, 8.65545648041, 10.2718079409, 110.33479389